Connecting to Director bishop.cws.ucdavis.edu:9101
1000 OK: 103 bishop-dir Version: 9.0.8 (28 May 2018)
Enter a period to cancel a command.
query
Automatically selected Catalog: MyCatalog
Using Catalog "MyCatalog"
Available queries:
     1: List up to 20 places where a File is saved regardless of the directory
     2: List where the most recent copies of a file are saved
     3: List last 20 Full Backups for a Client
     4: List all backups for a Client after a specified time
     5: List all backups for a Client
     6: List Volume Attributes for a selected Volume
     7: List Volumes used by selected JobId
     8: List Volumes to Restore All Files
     9: List Pool Attributes for a selected Pool
    10: List total files/bytes by Job
    11: List total files/bytes by Volume
    12: List Files for a selected JobId
    13: List Jobs stored on a selected MediaId
    14: List Jobs stored for a given Volume name
    15: List Volumes Bacula thinks are in changer
    16: List Volumes likely to need replacement from age or errors
    17: List Volumes Bacula thinks are eligible for the changer
    18: List Volumes by Volume:
    19: List Volumes by Jobs:
    20: List Volumes for a jobname:
Choose a query (1-20): 12
Enter JobId: 96
+----------------------------------------------------------------------------------------------------+------------------------------------------------------+
| path                                                                                                 | name                                                 |
+----------------------------------------------------------------------------------------------------+------------------------------------------------------+
| H:/projects/CRG3/GEODATA/geomorphology/OD_Baseline/Raw_RTK/                                          | CRG_RING_10-16-14.tsj                                |
| H:/projects/CRG3/GEODATA/geomorphology/OD_topo/                                                      | CRG_2-4-2015.tsj                                     |
| H:/projects/CRG3/GEODATA/geomorphology/OD_topo/2015/                                                 | CRG_08202015_B.tsj                                   |
| H:/projects/CRG3/GEODATA/geomorphology/OD_topo/2015/                                                 | CRG_09232015.tsj                                     |
| H:/projects/CRG3/GEODATA/geomorphology/OD_topo/2015/                                                 | CRG_SPLAY_OCT2015_A.tsj                              |
| H:/projects/CRG3/GEODATA/geomorphology/OD_topo/2015/                                                 | OD_SWALE_2015_C.tsj                                  |
| H:/projects/CRG3/GEODATA/geomorphology/OD_topo/2015/LongitudinalProlile/                             | CRG_10-8-2015.tsj                                    |
| H:/projects/CRG3/GEODATA/geomorphology/RTK Backups/11Nov2014/                                        | BSC_5-12-2014.tsj                                    |
| H:/projects/CRG3/GEODATA/geomorphology/RTK Backups/11Nov2014/                                        | BSC_SEP2014_A!2022-02-05!.tsj.bak                    |
| H:/projects/CRG3/GEODATA/geomorphology/RTK Backups/11Nov2014/                                        | BSC_SEP2014_A!2022-02-06!.tsj.bak                    |
| H:/projects/CRG3/GEODATA/geomorphology/RTK Backups/11Nov2014/                                        | CACHE_SLOUGH_JUNE2014!2022-02-04!.tsj.bak            |
| H:/projects/CRG3/GEODATA/geomorphology/RTK Backups/11Nov2014/                                        | CACHE_SLOUGH_JUNE2014!2022-02-05!.tsj.bak            |
| H:/projects/CRG3/GEODATA/geomorphology/RTK Backups/11Nov2014/                                        | CACHE_SLOUGH_JUNE2014.tsj                            |
| H:/projects/CRG3/GEODATA/geomorphology/RTK Backups/11Nov2014/                                        | CIG_LITTLESPRINGS_B.tsj                              |
| H:/projects/CRG3/GEODATA/geomorphology/RTK Backups/11Nov2014/                                        | COSUMNES!2022-02-04!.tsj.bak                         |
| H:/projects/CRG3/GEODATA/geomorphology/RTK Backups/11Nov2014/                                        | COSUMNES.tsj                                         |
| H:/projects/CRG3/GEODATA/geomorphology/RTK Backups/11Nov2014/                                        | CRG3_08232012_A.tsj                                  |
| H:/projects/CRG3/GEODATA/geomorphology/RTK Backups/11Nov2014/                                        | CRG3_LP_1-7-2014!2022-02-04!.tsj.bak                 |
| H:/projects/CRG3/GEODATA/geomorphology/RTK Backups/11Nov2014/                                        | CRG3_LP_1-7-2014.tsj                                 |
| H:/projects/CRG3/GEODATA/geomorphology/RTK Backups/11Nov2014/                                        | CRG_AW_XS_2014!2022-02-18!.tsj.bak                   |
| H:/projects/CRG3/GEODATA/geomorphology/RTK Backups/11Nov2014/                                        | CRG_AW_XS_2014!2022-03-03!.tsj.bak                   |
| H:/projects/CRG3/GEODATA/geomorphology/RTK Backups/11Nov2014/                                        | CRG_AW_XS_2014.tsj                                   |
| H:/projects/CRG3/GEODATA/geomorphology/RTK Backups/11Nov2014/                                        | CRG_RING_10-16-14!2022-02-23!.tsj.bak                |
| H:/projects/CRG3/GEODATA/geomorphology/RTK Backups/11Nov2014/                                        | CRG_RING_10-16-14!2022-02-26!.tsj.bak                |
| H:/projects/CRG3/GEODATA/geomorphology/RTK Backups/11Nov2014/                                        | CRG_RING_10-16-14.tsj                                |
| H:/projects/CRG3/GEODATA/geomorphology/RTK Backups/11Nov2014/                                        | CRG_TRINORTH_SPLAY!2022-02-03!.tsj.bak               |
| H:/projects/CRG3/GEODATA/geomorphology/RTK Backups/11Nov2014/                                        | CWS_TEST.tsj                                         |
| H:/projects/CRG3/GEODATA/geomorphology/RTK Backups/11Nov2014/                                        | HIG_10-14-2014!2022-02-10!.tsj.bak                   |
| H:/projects/CRG3/GEODATA/geomorphology/RTK Backups/11Nov2014/                                        | HIG_10-14-2014.tsj                                   |
| H:/projects/CRG3/GEODATA/geomorphology/RTK Backups/11Nov2014/                                        | KNG_RTK_A!2022-02-03!.tsj.bak                        |
| H:/projects/CRG3/GEODATA/geomorphology/RTK Backups/11Nov2014/                                        | KNG_RTK_A.tsj                                        |
| H:/projects/CRG3/GEODATA/geomorphology/RTK Backups/11Nov2014/                                        | LSC_08-14-2013.tsj                                   |
| H:/projects/CRG3/GEODATA/geomorphology/RTK Backups/11Nov2014/                                        | LSC_10_7_2013.tsj                                    |
| H:/projects/CRG3/GEODATA/geomorphology/RTK Backups/11Nov2014/                                        | LSC_4-17-2014!2022-02-04!.tsj.bak                    |
| H:/projects/CRG3/GEODATA/geomorphology/RTK Backups/11Nov2014/                                        | LSC_4-17-2014!2022-02-13!.tsj.bak                    |
| H:/projects/CRG3/GEODATA/geomorphology/RTK Backups/11Nov2014/                                        | LSC_4-17-2014.tsj                                    |
| H:/projects/CRG3/GEODATA/geomorphology/RTK Backups/11Nov2014/                                        | MULKEY_1_JULY2014!2022-02-18!.tsj.bak                |
| H:/projects/CRG3/GEODATA/geomorphology/RTK Backups/11Nov2014/                                        | MULKEY_1_JULY2014!2022-02-22!.tsj.bak                |
| H:/projects/CRG3/GEODATA/geomorphology/RTK Backups/11Nov2014/                                        | MULKEY_1_JULY2014!2022-02-23!.tsj.bak                |
| H:/projects/CRG3/GEODATA/geomorphology/RTK Backups/11Nov2014/                                        | MULKEY_1_JULY2014.tsj                                |
| H:/projects/CRG3/GEODATA/geomorphology/RTK Backups/11Nov2014/                                        | VAN_NORDEN_B!2022-03-04!.tsj.bak                     |
| H:/projects/CRG3/GEODATA/geomorphology/RTK Backups/11Nov2014/                                        | VAN_NORDEN_B!2022-03-05!.tsj.bak                     |
| H:/projects/CRG3/GEODATA/geomorphology/RTK Backups/11Nov2014/                                        | VAN_NORDEN_B.tsj                                     |
| H:/projects/CRG3/GEODATA/geomorphology/RTK Backups/16Mar2015/                                        | BSC_5-12-2014.tsj                                    |
| H:/projects/CRG3/GEODATA/geomorphology/RTK Backups/16Mar2015/                                        | BSC_SEP2014_E!2031-01-10!.tsj.bak                    |
| H:/projects/CRG3/GEODATA/geomorphology/RTK Backups/16Mar2015/                                        | BSC_SEP2014E!2031-01-10!.tsj.bak                     |
| H:/projects/CRG3/GEODATA/geomorphology/RTK Backups/16Mar2015/                                        | BSC_SEP2014_E.tsj                                    |
| H:/projects/CRG3/GEODATA/geomorphology/RTK Backups/16Mar2015/                                        | CACHE_SLOUGH_JUNE2014!2022-02-04!.tsj.bak            |
| H:/projects/CRG3/GEODATA/geomorphology/RTK Backups/16Mar2015/                                        | CACHE_SLOUGH_JUNE2014!2022-02-05!.tsj.bak            |
| H:/projects/CRG3/GEODATA/geomorphology/RTK Backups/16Mar2015/                                        | CACHE_SLOUGH_JUNE2014.tsj                            |
| H:/projects/CRG3/GEODATA/geomorphology/RTK Backups/16Mar2015/                                        | CIG_LITTLESPRINGS_B.tsj                              |
| H:/projects/CRG3/GEODATA/geomorphology/RTK Backups/16Mar2015/                                        | COSUMNES!2022-02-04!.tsj.bak                         |
| H:/projects/CRG3/GEODATA/geomorphology/RTK Backups/16Mar2015/                                        | COSUMNES.tsj                                         |
| H:/projects/CRG3/GEODATA/geomorphology/RTK Backups/16Mar2015/                                        | CRG_2-4-2015!2022-02-12!.tsj.bak                     |
| H:/projects/CRG3/GEODATA/geomorphology/RTK Backups/16Mar2015/                                        | CRG_2-4-2015.tsj                                     |
| H:/projects/CRG3/GEODATA/geomorphology/RTK Backups/16Mar2015/                                        | CRG3_08232012_B.tsj                                  |
| H:/projects/CRG3/GEODATA/geomorphology/RTK Backups/16Mar2015/                                        | CRG3_CenterDenierSandSplay_08232!2031-01-09!.tsj.bak |
| H:/projects/CRG3/GEODATA/geomorphology/RTK Backups/16Mar2015/                                        | CRG3_COPTER!2022-02-07!.tsj.bak                      |
| H:/projects/CRG3/GEODATA/geomorphology/RTK Backups/16Mar2015/                                        | CRG3_COPTER.tsj                                      |
| H:/projects/CRG3/GEODATA/geomorphology/RTK Backups/16Mar2015/                                        | CRG3_JDE_7_3_12.tsj                                  |
| H:/projects/CRG3/GEODATA/geomorphology/RTK Backups/16Mar2015/                                        | CRG3_LP_1-7-2014!2022-02-04!.tsj.bak                 |
| H:/projects/CRG3/GEODATA/geomorphology/RTK Backups/16Mar2015/                                        | CRG3_LP_1-7-2014.tsj                                 |
| H:/projects/CRG3/GEODATA/geomorphology/RTK Backups/16Mar2015/                                        | CRG3_SOILPLOTS_11132012.tsj                          |
| H:/projects/CRG3/GEODATA/geomorphology/RTK Backups/16Mar2015/                                        | CRG_AW_XS_2014!2022-02-05!.tsj.bak                   |
| H:/projects/CRG3/GEODATA/geomorphology/RTK Backups/16Mar2015/                                        | CRG_AW_XS_2014!2022-04-08!.tsj.bak                   |
| H:/projects/CRG3/GEODATA/geomorphology/RTK Backups/16Mar2015/                                        | CRG_AW_XS_2014!2031-01-09!.tsj.bak                   |
| H:/projects/CRG3/GEODATA/geomorphology/RTK Backups/16Mar2015/                                        | CRG_AW_XS_2014.tsj                                   |
| H:/projects/CRG3/GEODATA/geomorphology/RTK Backups/16Mar2015/                                        | CRGIII_BIOMASS.tsj                                   |
| H:/projects/CRG3/GEODATA/geomorphology/RTK Backups/16Mar2015/                                        | CRG_RING_10-16-14!2022-02-23!.tsj.bak                |
| H:/projects/CRG3/GEODATA/geomorphology/RTK Backups/16Mar2015/                                        | CRG_RING_10-16-14!2022-02-26!.tsj.bak                |
| H:/projects/CRG3/GEODATA/geomorphology/RTK Backups/16Mar2015/                                        | CRG_RING_10-16-14.tsj                                |
| H:/projects/CRG3/GEODATA/geomorphology/RTK Backups/16Mar2015/                                        | CRG_TRINORTH_SPLAY!2022-02-03!.tsj.bak               |
| H:/projects/CRG3/GEODATA/geomorphology/RTK Backups/16Mar2015/                                        | CRG_TRINORTH_SPLAY.tsj                               |
| H:/projects/CRG3/GEODATA/geomorphology/RTK Backups/16Mar2015/                                        | CWS_TEST!2031-01-09!.tsj.bak                         |
| H:/projects/CRG3/GEODATA/geomorphology/RTK Backups/16Mar2015/                                        | CWS_TEST.tsj                                         |
| H:/projects/CRG3/GEODATA/geomorphology/RTK Backups/16Mar2015/                                        | KNG_RTK_A!2022-02-03!.tsj.bak                        |
| H:/projects/CRG3/GEODATA/geomorphology/RTK Backups/16Mar2015/                                        | KNG_RTK_A.tsj                                        |
| H:/projects/CRG3/GEODATA/geomorphology/RTK Backups/16Mar2015/                                        | LSC_08-14-2013.tsj                                   |
| H:/projects/CRG3/GEODATA/geomorphology/RTK Backups/16Mar2015/                                        | LSC_10_7_2013.tsj                                    |
| H:/projects/CRG3/GEODATA/geomorphology/RTK Backups/16Mar2015/                                        | LSC_4-17-2014.tsj                                    |
| H:/projects/CRG3/GEODATA/geomorphology/RTK Backups/16Mar2015/                                        | MULKEY_1_JULY2014.tsj                                |
| H:/projects/CRG3/GEODATA/geomorphology/RTK Backups/16Mar2015/                                        | OD_SPLAY_MAR2015_1!2022-02-05!.tsj.bak               |
| H:/projects/CRG3/GEODATA/geomorphology/RTK Backups/16Mar2015/                                        | OD_SPLAY_MAR2015_1!2022-02-06!.tsj.bak               |
| H:/projects/CRG3/GEODATA/geomorphology/RTK Backups/16Mar2015/                                        | OD_SPLAY_MAR2015_1.tsj                               |
| H:/projects/CRG3/GEODATA/geomorphology/RTK Backups/16Mar2015/                                        | REFUGE.tsj                                           |
| H:/projects/CRG3/GEODATA/geomorphology/RTK Backups/16Mar2015/                                        | VAN_NORDEN_B!2022-03-04!.tsj.bak                     |
| H:/projects/CRG3/GEODATA/geomorphology/RTK Backups/16Mar2015/                                        | VAN_NORDEN_B!2022-03-05!.tsj.bak                     |
| H:/projects/CRG3/GEODATA/geomorphology/RTK Backups/16Mar2015/                                        | VAN_NORDEN_B.tsj                                     |
| H:/projects/CRG3/GEODATA/geomorphology/RTK Backups/16Mar2015/                                        | VINYARD_OAKVILLE!2031-01-09!.tsj.bak                 |
| H:/projects/CRG3/GEODATA/geomorphology/RTK Backups/16Mar2015/                                        | VINYARD_OAKVILLE.tsj                                 |
| H:/projects/CRG3/GEODATA/geomorphology/RTK Backups/RTK_Files_2014/                                   | BSC_05-22-2014a.tsj                                  |
| H:/projects/CRG3/GEODATA/geomorphology/RTK Backups/RTK_Files_2014/                                   | BSC_5-12-2014.tsj                                    |
| H:/projects/CRG3/GEODATA/geomorphology/RTK Backups/RTK_Files_2014/                                   | BSC_SEP2014_A!2022-02-05!.tsj.bak                    |
| H:/projects/CRG3/GEODATA/geomorphology/RTK Backups/RTK_Files_2014/                                   | BSC_SEP2014_A!2022-02-06!.tsj.bak                    |
| H:/projects/CRG3/GEODATA/geomorphology/RTK Backups/RTK_Files_2014/                                   | BSC_SEP2014_A.tsj                                    |
| H:/projects/CRG3/GEODATA/geomorphology/RTK Backups/RTK_Files_2014/                                   | BSC_SEP2014_E!2031-01-10!.tsj.bak                    |
| H:/projects/CRG3/GEODATA/geomorphology/RTK Backups/RTK_Files_2014/                                   | BSC_SEP2014E!2031-01-10!.tsj.bak                     |
| H:/projects/CRG3/GEODATA/geomorphology/RTK Backups/RTK_Files_2014/                                   | BSC_SEP2014_E.tsj                                    |
| H:/projects/CRG3/GEODATA/geomorphology/RTK Backups/RTK_Files_2014/                                   | CACHE_SLOUGH_JUNE2014!2022-02-04!.tsj.bak            |
| H:/projects/CRG3/GEODATA/geomorphology/RTK Backups/RTK_Files_2014/                                   | CACHE_SLOUGH_JUNE2014!2022-02-05!.tsj.bak            |
| H:/projects/CRG3/GEODATA/geomorphology/RTK Backups/RTK_Files_2014/                                   | CACHE_SLOUGH_JUNE2014.tsj                            |
| H:/projects/CRG3/GEODATA/geomorphology/RTK Backups/RTK_Files_2014/                                   | CIG_LITTLESPRINGS_B.tsj                              |
| H:/projects/CRG3/GEODATA/geomorphology/RTK Backups/RTK_Files_2014/                                   | COSUMNES!2022-02-04!.tsj.bak                         |
| H:/projects/CRG3/GEODATA/geomorphology/RTK Backups/RTK_Files_2014/                                   | COSUMNES.tsj                                         |
| H:/projects/CRG3/GEODATA/geomorphology/RTK Backups/RTK_Files_2014/                                   | CRG3_08232012_A.tsj                                  |
| H:/projects/CRG3/GEODATA/geomorphology/RTK Backups/RTK_Files_2014/                                   | CRG3_08232012_B.tsj                                  |
| H:/projects/CRG3/GEODATA/geomorphology/RTK Backups/RTK_Files_2014/                                   | CRG3_CenterDenierSandSplay_08232!2031-01-09!.tsj.bak |
| H:/projects/CRG3/GEODATA/geomorphology/RTK Backups/RTK_Files_2014/                                   | CRG3_JDE_7_3_12.tsj                                  |
| H:/projects/CRG3/GEODATA/geomorphology/RTK Backups/RTK_Files_2014/                                   | CRG3_LP_1-7-2014!2022-02-04!.tsj.bak                 |
| H:/projects/CRG3/GEODATA/geomorphology/RTK Backups/RTK_Files_2014/                                   | CRG3_LP_1-7-2014.tsj                                 |
| H:/projects/CRG3/GEODATA/geomorphology/RTK Backups/RTK_Files_2014/                                   | CRG3_SOILPLOTS_11132012.tsj                          |
| H:/projects/CRG3/GEODATA/geomorphology/RTK Backups/RTK_Files_2014/                                   | CRG_AW_XS_2014!2022-02-18!.tsj.bak                   |
| H:/projects/CRG3/GEODATA/geomorphology/RTK Backups/RTK_Files_2014/                                   | CRG_AW_XS_2014!2022-03-03!.tsj.bak                   |
| H:/projects/CRG3/GEODATA/geomorphology/RTK Backups/RTK_Files_2014/                                   | CRG_AW_XS_2014!2031-01-09!.tsj.bak                   |
| H:/projects/CRG3/GEODATA/geomorphology/RTK Backups/RTK_Files_2014/                                   | CRG_AW_XS_2014.tsj                                   |
| H:/projects/CRG3/GEODATA/geomorphology/RTK Backups/RTK_Files_2014/                                   | CRGIII_BIOMASS.tsj                                   |
| H:/projects/CRG3/GEODATA/geomorphology/RTK Backups/RTK_Files_2014/                                   | CRG_TRINORTH_SPLAY!2022-02-03!.tsj.bak               |
| H:/projects/CRG3/GEODATA/geomorphology/RTK Backups/RTK_Files_2014/                                   | CRG_TRINORTH_SPLAY.tsj                               |
| H:/projects/CRG3/GEODATA/geomorphology/RTK Backups/RTK_Files_2014/                                   | CWS_TEST!2031-01-09!.tsj.bak                         |
| H:/projects/CRG3/GEODATA/geomorphology/RTK Backups/RTK_Files_2014/                                   | CWS_TEST.tsj                                         |
| H:/projects/CRG3/GEODATA/geomorphology/RTK Backups/RTK_Files_2014/                                   | HIG_10-14-2014!2022-02-10!.tsj.bak                   |
| H:/projects/CRG3/GEODATA/geomorphology/RTK Backups/RTK_Files_2014/                                   | KNG_RTK_A!2022-02-03!.tsj.bak                        |
| H:/projects/CRG3/GEODATA/geomorphology/RTK Backups/RTK_Files_2014/                                   | KNG_RTK_A.tsj                                        |
| H:/projects/CRG3/GEODATA/geomorphology/RTK Backups/RTK_Files_2014/                                   | LSC_08-14-2013.tsj                                   |
| H:/projects/CRG3/GEODATA/geomorphology/RTK Backups/RTK_Files_2014/                                   | LSC_10_7_2013.tsj                                    |
| H:/projects/CRG3/GEODATA/geomorphology/RTK Backups/RTK_Files_2014/                                   | LSC_4-17-2014!2022-02-04!.tsj.bak                    |
| H:/projects/CRG3/GEODATA/geomorphology/RTK Backups/RTK_Files_2014/                                   | LSC_4-17-2014.tsj                                    |
| H:/projects/CRG3/GEODATA/geomorphology/RTK Backups/RTK_Files_2014/                                   | MULKEY_1_JULY2014!2022-02-18!.tsj.bak                |
| H:/projects/CRG3/GEODATA/geomorphology/RTK Backups/RTK_Files_2014/                                   | MULKEY_1_JULY2014!2022-02-22!.tsj.bak                |
| H:/projects/CRG3/GEODATA/geomorphology/RTK Backups/RTK_Files_2014/                                   | MULKEY_1_JULY2014!2022-02-23!.tsj.bak                |
| H:/projects/CRG3/GEODATA/geomorphology/RTK Backups/RTK_Files_2014/                                   | MULKEY_1_JULY2014.tsj                                |
| H:/projects/CRG3/GEODATA/geomorphology/RTK Backups/RTK_Files_2014/                                   | REFUGE.tsj                                           |
| H:/projects/CRG3/GEODATA/geomorphology/RTK Backups/RTK_Files_2014/                                   | VINYARD_OAKVILLE!2031-01-09!.tsj.bak                 |
| H:/projects/CRG3/GEODATA/geomorphology/RTK Backups/RTK_Files_2014/                                   | VINYARD_OAKVILLE_test.tsj                            |
| H:/projects/CRG3/GEODATA/geomorphology/RTK Backups/RTK_Files_2014/                                   | VINYARD_OAKVILLE.tsj                                 |
| H:/projects/CRG3/GEODATA/geomorphology/Whipple_XS/                                                   | CRG_AW_XS_2014_Stakeout.txt                          |
| H:/projects/CRG3/GEODATA/geomorphology/Whipple_XS/                                                   | CRG_AW_XS_2014.tsj                                   |
| H:/projects/CRG3/GEODATA/geomorphology/Whipple_XS/                                                   | OD_XS_2015_B.tsj                                     |
| H:/projects/CRG3/GEODATA/RTKfiles/RTK_FileBackup/12072015/                                           | CARTER_20150924_A!2022-02-06!.tsj.bak                |
| H:/projects/CRG3/GEODATA/RTKfiles/RTK_FileBackup/12072015/                                           | CARTER_20150924_A!2022-02-07!.tsj.bak                |
| H:/projects/CRG3/GEODATA/RTKfiles/RTK_FileBackup/12072015/                                           | CARTER_20150924_A!2022-02-08!.tsj.bak                |
| H:/projects/CRG3/GEODATA/RTKfiles/RTK_FileBackup/12072015/                                           | CARTER_20150924_A.tsj                                |
| H:/projects/CRG3/GEODATA/RTKfiles/RTK_FileBackup/12072015/                                           | CHLD_20150929!2022-02-10!.tsj.bak                    |
| H:/projects/CRG3/GEODATA/RTKfiles/RTK_FileBackup/12072015/                                           | CHLD_20150929!2022-03-05!.tsj.bak                    |
| H:/projects/CRG3/GEODATA/RTKfiles/RTK_FileBackup/12072015/                                           | CHLD_20150929!2022-03-07!.tsj.bak                    |
| H:/projects/CRG3/GEODATA/RTKfiles/RTK_FileBackup/12072015/                                           | CHLD_20150929.tsj                                    |
| H:/projects/CRG3/GEODATA/RTKfiles/RTK_FileBackup/12072015/                                           | CHLDS_20150914!2022-02-09!.tsj.bak                   |
| H:/projects/CRG3/GEODATA/RTKfiles/RTK_FileBackup/12072015/                                           | CHLDS_20150914!2022-03-03!.tsj.bak                   |
| H:/projects/CRG3/GEODATA/RTKfiles/RTK_FileBackup/12072015/                                           | CHLDS_20150914!2022-03-04!.tsj.bak                   |
| H:/projects/CRG3/GEODATA/RTKfiles/RTK_FileBackup/12072015/                                           | CHLDS_20150914_A.tsj                                 |
| H:/projects/CRG3/GEODATA/RTKfiles/RTK_FileBackup/12072015/                                           | CHLDS_20151103_A!2022-03-04!.tsj.bak                 |
| H:/projects/CRG3/GEODATA/RTKfiles/RTK_FileBackup/12072015/                                           | CHLDS_20151103_A!2022-03-05!.tsj.bak                 |
| H:/projects/CRG3/GEODATA/RTKfiles/RTK_FileBackup/12072015/                                           | CHLDS_20151103_A.tsj                                 |
| H:/projects/CRG3/GEODATA/RTKfiles/RTK_FileBackup/12072015/                                           | COW_092015_B!2022-02-24!.tsj.bak                     |
| H:/projects/CRG3/GEODATA/RTKfiles/RTK_FileBackup/12072015/                                           | COW_092015_B!2022-02-25!.tsj.bak                     |
| H:/projects/CRG3/GEODATA/RTKfiles/RTK_FileBackup/12072015/                                           | COW_092015_B!2022-02-26!.tsj.bak                     |
| H:/projects/CRG3/GEODATA/RTKfiles/RTK_FileBackup/12072015/                                           | COW_092015_B.tsj                                     |
| H:/projects/CRG3/GEODATA/RTKfiles/RTK_FileBackup/12072015/                                           | CRG_08202015_B!2022-02-05!.tsj.bak                   |
| H:/projects/CRG3/GEODATA/RTKfiles/RTK_FileBackup/12072015/                                           | CRG_08202015_B!2031-01-10!.tsj.bak                   |
| H:/projects/CRG3/GEODATA/RTKfiles/RTK_FileBackup/12072015/                                           | CRG_08202015_B!2031-01-11!.tsj.bak                   |
| H:/projects/CRG3/GEODATA/RTKfiles/RTK_FileBackup/12072015/                                           | CRG_08202015_B.tsj                                   |
| H:/projects/CRG3/GEODATA/RTKfiles/RTK_FileBackup/12072015/                                           | CRG_09232015!2022-02-04!.tsj.bak                     |
| H:/projects/CRG3/GEODATA/RTKfiles/RTK_FileBackup/12072015/                                           | CRG_09232015.tsj                                     |
| H:/projects/CRG3/GEODATA/RTKfiles/RTK_FileBackup/12072015/                                           | CRG_10-8-2015!2022-02-05!.tsj.bak                    |
| H:/projects/CRG3/GEODATA/RTKfiles/RTK_FileBackup/12072015/                                           | CRG_10-8-2015!2022-02-06!.tsj.bak                    |
| H:/projects/CRG3/GEODATA/RTKfiles/RTK_FileBackup/12072015/                                           | CRG_10-8-2015.tsj                                    |
| H:/projects/CRG3/GEODATA/RTKfiles/RTK_FileBackup/12072015/                                           | CRG_SPLAY_OCT2015_A!2022-02-06!.tsj.bak              |
| H:/projects/CRG3/GEODATA/RTKfiles/RTK_FileBackup/12072015/                                           | CRG_SPLAY_OCT2015_A!2022-02-07!.tsj.bak              |
| H:/projects/CRG3/GEODATA/RTKfiles/RTK_FileBackup/12072015/                                           | CRG_SPLAY_OCT2015_A.tsj                              |
| H:/projects/CRG3/GEODATA/RTKfiles/RTK_FileBackup/12072015/                                           | CRG_SPLAY_OCT2015_C!2022-03-12!.tsj.bak              |
| H:/projects/CRG3/GEODATA/RTKfiles/RTK_FileBackup/12072015/                                           | CRG_SPLAY_OCT2015_C.tsj                              |
| H:/projects/CRG3/GEODATA/RTKfiles/RTK_FileBackup/12072015/                                           | Default.tsj                                          |
| H:/projects/CRG3/GEODATA/RTKfiles/RTK_FileBackup/12072015/                                           | HATCREEK_SEP2015_C!2022-03-08!.tsj.bak               |
| H:/projects/CRG3/GEODATA/RTKfiles/RTK_FileBackup/12072015/                                           | HATCR_OCT_AERIAL.tsj                                 |
| H:/projects/CRG3/GEODATA/RTKfiles/RTK_FileBackup/12072015/                                           | HERRINGCRK08282015!2022-02-12!.tsj.bak               |
| H:/projects/CRG3/GEODATA/RTKfiles/RTK_FileBackup/12072015/                                           | HERRINGCRK08282015!2022-02-14!.tsj.bak               |
| H:/projects/CRG3/GEODATA/RTKfiles/RTK_FileBackup/12072015/                                           | HERRINGCRK08282015_B!2022-02-09!.tsj.bak             |
| H:/projects/CRG3/GEODATA/RTKfiles/RTK_FileBackup/12072015/                                           | HERRINGCRK08282015_B!2022-02-11!.tsj.bak             |
| H:/projects/CRG3/GEODATA/RTKfiles/RTK_FileBackup/12072015/                                           | HERRINGCRK08282015_B.tsj                             |
| H:/projects/CRG3/GEODATA/RTKfiles/RTK_FileBackup/12072015/                                           | M15_07_31_2015!2031-01-12!.tsj.bak                   |
| H:/projects/CRG3/GEODATA/RTKfiles/RTK_FileBackup/12072015/                                           | M15_07_31_2015!2031-01-13!.tsj.bak                   |
| H:/projects/CRG3/GEODATA/RTKfiles/RTK_FileBackup/12072015/                                           | M15_07_31_2015.tsj                                   |
| H:/projects/CRG3/GEODATA/RTKfiles/RTK_FileBackup/12072015/                                           | SHRTHAIR_082515!2022-02-10!.tsj.bak                  |
| H:/projects/CRG3/GEODATA/RTKfiles/RTK_FileBackup/12072015/                                           | SHRTHAIR_082515!2022-02-11!.tsj.bak                  |
| H:/projects/CRG3/GEODATA/RTKfiles/RTK_FileBackup/12072015/                                           | SHRTHAIR_082515!2022-02-23!.tsj.bak                  |
| H:/projects/CRG3/GEODATA/RTKfiles/RTK_FileBackup/12072015/                                           | SHRTHAIR_082515_B.tsj                                |
| H:/projects/CRG3/GEODATA/RTKfiles/RTK_FileBackup/RTK_06262015/                                       | BSC_MAR2015_B.tsj                                    |
| H:/projects/CRG3/GEODATA/RTKfiles/RTK_FileBackup/RTK_06262015/                                       | COSUMNES.tsj                                         |
| H:/projects/CRG3/GEODATA/RTKfiles/RTK_FileBackup/RTK_06262015/                                       | CRG_XS_2015_A!2022-03-04!.tsj.bak                    |
| H:/projects/CRG3/GEODATA/RTKfiles/RTK_FileBackup/RTK_06262015/                                       | CRG_XS_2015_A.tsj                                    |
| H:/projects/CRG3/GEODATA/RTKfiles/RTK_FileBackup/RTK_06262015/                                       | LSHASTA_06-01-2015_A!2022-03-09!.tsj.bak             |
| H:/projects/CRG3/GEODATA/RTKfiles/RTK_FileBackup/RTK_06262015/                                       | LSHASTA_06-01-2015_A!2022-03-10!.tsj.bak             |
| H:/projects/CRG3/GEODATA/RTKfiles/RTK_FileBackup/RTK_06262015/                                       | LSHASTA_06-01-2015_A!2022-03-11!.tsj.bak             |
| H:/projects/CRG3/GEODATA/RTKfiles/RTK_FileBackup/RTK_06262015/                                       | LSHASTA_06-01-2015_A.tsj                             |
| H:/projects/CRG3/GEODATA/RTKfiles/RTK_FileBackup/RTK_06262015/                                       | OD_DRONE_POINTS.tsj                                  |
| H:/projects/CRG3/GEODATA/RTKfiles/RTK_FileBackup/RTK_06262015/                                       | OD_SPLAY_MAR2015_4!2022-03-28!.tsj.bak               |
| H:/projects/CRG3/GEODATA/RTKfiles/RTK_FileBackup/RTK_06262015/                                       | OD_SPLAY_MAR2015_4!2022-04-03!.tsj.bak               |
| H:/projects/CRG3/GEODATA/RTKfiles/RTK_FileBackup/RTK_06262015/                                       | OD_SPLAY_MAR2015_4.tsj                               |
| H:/projects/CRG3/GEODATA/RTKfiles/RTK_FileBackup/RTK_06262015/                                       | OD_SWALE_2015_C!2022-03-14!.tsj.bak                  |
| H:/projects/CRG3/GEODATA/RTKfiles/RTK_FileBackup/RTK_06262015/                                       | OD_SWALE_2015_C!2022-03-26!.tsj.bak                  |
| H:/projects/CRG3/GEODATA/RTKfiles/RTK_FileBackup/RTK_06262015/                                       | OD_SWALE_2015_C!2022-03-27!.tsj.bak                  |
| H:/projects/CRG3/GEODATA/RTKfiles/RTK_FileBackup/RTK_06262015/                                       | OD_SWALE_2015_C.tsj                                  |
| H:/projects/CRG3/GEODATA/RTKfiles/RTK_FileBackup/RTK_06262015/                                       | OD_XS_2015_B!2022-02-03!.tsj.bak                     |
| H:/projects/CRG3/GEODATA/RTKfiles/RTK_FileBackup/RTK_06262015/                                       | OD_XS_2015_B!2022-03-05!.tsj.bak                     |
| H:/projects/CRG3/GEODATA/RTKfiles/RTK_FileBackup/RTK_06262015/                                       | OD_XS_2015_B!2022-03-06!.tsj.bak                     |
| H:/projects/CRG3/GEODATA/RTKfiles/RTK_FileBackup/RTK_5-12-2015/                                      | BSC_MAR2015_B.tsj                                    |
| H:/projects/CRG3/GEODATA/RTKfiles/RTK_FileBackup/RTK_5-12-2015/                                      | COSUMNES.tsj                                         |
| H:/projects/CRG3/GEODATA/RTKfiles/RTK_FileBackup/RTK_5-12-2015/                                      | CRG_XS_2015_A!2022-03-04!.tsj.bak                    |
| H:/projects/CRG3/GEODATA/RTKfiles/RTK_FileBackup/RTK_5-12-2015/                                      | CRG_XS_2015_A.tsj                                    |
| H:/projects/CRG3/GEODATA/RTKfiles/RTK_FileBackup/RTK_5-12-2015/                                      | OD_SPLAY_MAR2015_4!2022-03-28!.tsj.bak               |
| H:/projects/CRG3/GEODATA/RTKfiles/RTK_FileBackup/RTK_5-12-2015/                                      | OD_SPLAY_MAR2015_4!2022-04-03!.tsj.bak               |
| H:/projects/CRG3/GEODATA/RTKfiles/RTK_FileBackup/RTK_5-12-2015/                                      | OD_SPLAY_MAR2015_4.tsj                               |
| H:/projects/CRG3/GEODATA/RTKfiles/RTK_FileBackup/RTK_5-12-2015/                                      | OD_SWALE_2015_C!2022-03-14!.tsj.bak                  |
| H:/projects/CRG3/GEODATA/RTKfiles/RTK_FileBackup/RTK_5-12-2015/                                      | OD_SWALE_2015_C!2022-03-26!.tsj.bak                  |
| H:/projects/CRG3/GEODATA/RTKfiles/RTK_FileBackup/RTK_5-12-2015/                                      | OD_SWALE_2015_C!2022-03-27!.tsj.bak                  |
| H:/projects/CRG3/GEODATA/RTKfiles/RTK_FileBackup/RTK_5-12-2015/                                      | OD_SWALE_2015_C.tsj                                  |
| H:/projects/CRG3/GEODATA/RTKfiles/RTK_FileBackup/RTK_5-12-2015/                                      | OD_XS_2015_B!2022-02-09!.tsj.bak                     |
| H:/projects/CRG3/GEODATA/RTKfiles/RTK_FileBackup/RTK_5-12-2015/                                      | OD_XS_2015_B!2022-03-05!.tsj.bak                     |
| H:/projects/CRG3/GEODATA/RTKfiles/RTK_FileBackup/RTK_5-12-2015/                                      | OD_XS_2015_B!2022-03-06!.tsj.bak                     |
| H:/projects/CRG3/GEODATA/RTKfiles/RTK_FileBackup/RTK_5-12-2015/                                      | OD_XS_2015_B.tsj                                     |
| H:/projects/CRG3/TEMP_RESTRUCTURE/ARCHIVE/vegetation/MandyData/MandysWorkingDisk/Mandy's Stuff/Mandy's canopy diagrams/Eudora Folder/Attachments Folder/ | ES Instructor 1                                      |
| H:/projects/mwtract/Common_Source_Data/CVFED/                                                        |                                                      |
| H:/projects/mwtract/TASK2_Modeling/Data/Time_Series/BOUNDARY_CONDITIONS/                             |                                                      |
| H:/projects/mwtract/TASK2_Modeling/Data/Time_Series/BOUNDARY_CONDITIONS/BC_07152018/                 |                                                      |
| H:/projects/mwtract/TASK2_Modeling/Data/Time_Series/BOUNDARY_CONDITIONS/BC_07152018/                 | All_BC_plot.png                                      |
| H:/projects/mwtract/TASK2_Modeling/Data/Time_Series/BOUNDARY_CONDITIONS/BC_07152018/                 | All_BC_plot_zoom.png                                 |
| H:/projects/mwtract/TASK2_Modeling/Data/Time_Series/BOUNDARY_CONDITIONS/BC_07152018/                 | BC_compiled_plot.png                                 |
| H:/projects/mwtract/TASK2_Modeling/Data/Time_Series/BOUNDARY_CONDITIONS/BC_07152018/                 | Discharge.bc                                         |
| H:/projects/mwtract/TASK2_Modeling/Data/Time_Series/BOUNDARY_CONDITIONS/BC_07152018/                 | WaterLevel.bc                                        |
| H:/projects/mwtract/TASK2_Modeling/Hydrodynamic_Model_Files/Calibration_Plots/                       |                                                      |
| H:/projects/mwtract/TASK2_Modeling/Hydrodynamic_Model_Files/Calibration_Plots/Feb05_Feb28_2017_07142018/ |                                                      |
| H:/projects/mwtract/TASK2_Modeling/Hydrodynamic_Model_Files/Calibration_Plots/Feb05_Feb28_2017_07142018/ | BEN_stage_inst_scat.png                              |
| H:/projects/mwtract/TASK2_Modeling/Hydrodynamic_Model_Files/Calibration_Plots/Feb05_Feb28_2017_07142018/ | DLC_stage_inst_scat.png                              |
| H:/projects/mwtract/TASK2_Modeling/Hydrodynamic_Model_Files/Calibration_Plots/Feb05_Feb28_2017_07142018/ | GES_stage_inst_scat.png                              |
| H:/projects/mwtract/TASK2_Modeling/Hydrodynamic_Model_Files/Calibration_Plots/Feb05_Feb28_2017_07142018/ | GSS_stage_inst_scat.png                              |
| H:/projects/mwtract/TASK2_Modeling/Hydrodynamic_Model_Files/Calibration_Plots/Feb05_Feb28_2017_07142018/ | Middle_Sl_stage_inst_scat.png                        |
| H:/projects/mwtract/TASK2_Modeling/Hydrodynamic_Model_Files/Calibration_Plots/Feb05_Feb28_2017_07142018/ | MWT_Inlet_stage_inst_scat.png                        |
| H:/projects/mwtract/TASK2_Modeling/Hydrodynamic_Model_Files/Calibration_Plots/Feb05_Feb28_2017_07142018/ | MWT_Lower_stage_inst_scat.png                        |
| H:/projects/mwtract/TASK2_Modeling/Hydrodynamic_Model_Files/Calibration_Plots/Feb05_Feb28_2017_07142018/ | Snodgrass_Sl_stage_inst_scat.png                     |
| H:/projects/mwtract/TASK2_Modeling/Hydrodynamic_Model_Files/Calibration_Plots/Feb05_Feb28_2017_07152018/ |                                                      |
| H:/projects/mwtract/TASK2_Modeling/Hydrodynamic_Model_Files/Calibration_Plots/Feb05_Feb28_2017_07152018/ | BEN_stage_inst_scat.png                              |
| H:/projects/mwtract/TASK2_Modeling/Hydrodynamic_Model_Files/Calibration_Plots/Feb05_Feb28_2017_07152018/ | DLC_stage_inst_scat.png                              |
| H:/projects/mwtract/TASK2_Modeling/Hydrodynamic_Model_Files/Calibration_Plots/Feb05_Feb28_2017_07152018/ | GES_stage_inst_scat.png                              |
| H:/projects/mwtract/TASK2_Modeling/Hydrodynamic_Model_Files/Calibration_Plots/Feb05_Feb28_2017_07152018/ | GSS_stage_inst_scat.png                              |
| H:/projects/mwtract/TASK2_Modeling/Hydrodynamic_Model_Files/Calibration_Plots/Feb05_Feb28_2017_07152018/ | Middle_Sl_stage_inst_scat.png                        |
| H:/projects/mwtract/TASK2_Modeling/Hydrodynamic_Model_Files/Calibration_Plots/Feb05_Feb28_2017_07152018/ | MWT_Inlet_stage_inst_scat.png                        |
| H:/projects/mwtract/TASK2_Modeling/Hydrodynamic_Model_Files/Calibration_Plots/Feb05_Feb28_2017_07152018/ | MWT_Lower_stage_inst_scat.png                        |
| H:/projects/mwtract/TASK2_Modeling/Hydrodynamic_Model_Files/Calibration_Plots/Feb05_Feb28_2017_07152018/ | Snodgrass_Sl_stage_inst_scat.png                     |
| H:/projects/mwtract/TASK2_Modeling/Hydrodynamic_Model_Files/DELFT3D/Model Run Files/Archive/January_4_2017_Small_Case/ |                                                      |
| H:/projects/mwtract/TASK2_Modeling/Hydrodynamic_Model_Files/DELFT3D/Model Run Files/Archive/January_4_2017_Small_Case/ | January_Small_Case.dsproj                            |
| H:/projects/mwtract/TASK2_Modeling/Hydrodynamic_Model_Files/DELFT3D/Model Run Files/Archive/January_4_2017_Small_Case/January_Small_Case.dsproj_data/FlowFM/ |                                                      |
| H:/projects/mwtract/TASK2_Modeling/Hydrodynamic_Model_Files/DELFT3D/Model Run Files/Archive/January_4_2017_Small_Case/January_Small_Case.dsproj_data/FlowFM/ | Bensons.pli                                          |
| H:/projects/mwtract/TASK2_Modeling/Hydrodynamic_Model_Files/DELFT3D/Model Run Files/Archive/January_4_2017_Small_Case/January_Small_Case.dsproj_data/FlowFM/ | DCC.pli                                              |
| H:/projects/mwtract/TASK2_Modeling/Hydrodynamic_Model_Files/DELFT3D/Model Run Files/Archive/January_4_2017_Small_Case/January_Small_Case.dsproj_data/FlowFM/ | Dec_19_2017_w_Tract_3_net.nc                         |
| H:/projects/mwtract/TASK2_Modeling/Hydrodynamic_Model_Files/DELFT3D/Model Run Files/Archive/January_4_2017_Small_Case/January_Small_Case.dsproj_data/FlowFM/ | Discharge.bc                                         |
| H:/projects/mwtract/TASK2_Modeling/Hydrodynamic_Model_Files/DELFT3D/Model Run Files/Archive/January_4_2017_Small_Case/January_Small_Case.dsproj_data/FlowFM/ | FlowFM_bnd.ext                                       |
| H:/projects/mwtract/TASK2_Modeling/Hydrodynamic_Model_Files/DELFT3D/Model Run Files/Archive/January_4_2017_Small_Case/January_Small_Case.dsproj_data/FlowFM/ | FlowFM.ext                                           |
| H:/projects/mwtract/TASK2_Modeling/Hydrodynamic_Model_Files/DELFT3D/Model Run Files/Archive/January_4_2017_Small_Case/January_Small_Case.dsproj_data/FlowFM/ | FlowFM.mdu                                           |
| H:/projects/mwtract/TASK2_Modeling/Hydrodynamic_Model_Files/DELFT3D/Model Run Files/Archive/January_4_2017_Small_Case/January_Small_Case.dsproj_data/FlowFM/ | FlowFM_obs.xyn                                       |
| H:/projects/mwtract/TASK2_Modeling/Hydrodynamic_Model_Files/DELFT3D/Model Run Files/Archive/January_4_2017_Small_Case/January_Small_Case.dsproj_data/FlowFM/ | LostBEN.pli                                          |
| H:/projects/mwtract/TASK2_Modeling/Hydrodynamic_Model_Files/DELFT3D/Model Run Files/Archive/January_4_2017_Small_Case/January_Small_Case.dsproj_data/FlowFM/ | LPS.pli                                              |
| H:/projects/mwtract/TASK2_Modeling/Hydrodynamic_Model_Files/DELFT3D/Model Run Files/Archive/January_4_2017_Small_Case/January_Small_Case.dsproj_data/FlowFM/ | MiddleBEN.pli                                        |
| H:/projects/mwtract/TASK2_Modeling/Hydrodynamic_Model_Files/DELFT3D/Model Run Files/Archive/January_4_2017_Small_Case/January_Small_Case.dsproj_data/FlowFM/ | MokeBEN.pli                                          |
| H:/projects/mwtract/TASK2_Modeling/Hydrodynamic_Model_Files/DELFT3D/Model Run Files/Archive/January_4_2017_Small_Case/January_Small_Case.dsproj_data/FlowFM/ | MokeSJ.pli                                           |
| H:/projects/mwtract/TASK2_Modeling/Hydrodynamic_Model_Files/DELFT3D/Model Run Files/Archive/January_4_2017_Small_Case/January_Small_Case.dsproj_data/FlowFM/ | NFMoke.pli                                           |
| H:/projects/mwtract/TASK2_Modeling/Hydrodynamic_Model_Files/DELFT3D/Model Run Files/Archive/January_4_2017_Small_Case/January_Small_Case.dsproj_data/FlowFM/ | restart.meta                                         |
| H:/projects/mwtract/TASK2_Modeling/Hydrodynamic_Model_Files/DELFT3D/Model Run Files/Archive/January_4_2017_Small_Case/January_Small_Case.dsproj_data/FlowFM/ | RioVista.pli                                         |
| H:/projects/mwtract/TASK2_Modeling/Hydrodynamic_Model_Files/DELFT3D/Model Run Files/Archive/January_4_2017_Small_Case/January_Small_Case.dsproj_data/FlowFM/ | SacDCC.pli                                           |
| H:/projects/mwtract/TASK2_Modeling/Hydrodynamic_Model_Files/DELFT3D/Model Run Files/Archive/January_4_2017_Small_Case/January_Small_Case.dsproj_data/FlowFM/ | SFMoke.pli                                           |
| H:/projects/mwtract/TASK2_Modeling/Hydrodynamic_Model_Files/DELFT3D/Model Run Files/Archive/January_4_2017_Small_Case/January_Small_Case.dsproj_data/FlowFM/ | Snodgrass.pli                                        |
| H:/projects/mwtract/TASK2_Modeling/Hydrodynamic_Model_Files/DELFT3D/Model Run Files/Archive/January_4_2017_Small_Case/January_Small_Case.dsproj_data/FlowFM/ | SnodLambert.pli                                      |
| H:/projects/mwtract/TASK2_Modeling/Hydrodynamic_Model_Files/DELFT3D/Model Run Files/Archive/January_4_2017_Small_Case/January_Small_Case.dsproj_data/FlowFM/ | WaterLevel.bc                                        |
| H:/projects/Nitrates/Tulare_GIS/Shared_Projects/Drive_W_WaterIssues/Water_3Wells/Data/Images/WellLogs_DWR/ | 0004F006.TIF                                         |
| H:/projects/Nitrates/Tulare_GIS/Shared_Projects/Drive_W_WaterIssues/Water_3Wells/Data/Images/WellLogs_DWR/ | 0004F016.TIF                                         |
| H:/projects/Nitrates/Tulare_GIS/Shared_Projects/Drive_W_WaterIssues/Water_3Wells/Data/Images/WellLogs_DWR/ | 0004F01C.TIF                                         |
| H:/projects/Nitrates/Tulare_GIS/Shared_Projects/Drive_W_WaterIssues/Water_3Wells/Data/Images/WellLogs_DWR/ | 0004F021.TIF                                         |
| H:/projects/Nitrates/Tulare_GIS/Shared_Projects/Drive_W_WaterIssues/Water_3Wells/Data/Images/WellLogs_DWR/ | 0004F027.TIF                                         |
| H:/projects/Nitrates/Tulare_GIS/Shared_Projects/Drive_W_WaterIssues/Water_3Wells/Data/Images/WellLogs_DWR/ | 0004F02A.TIF                                         |
| H:/projects/Nitrates/Tulare_GIS/Shared_Projects/Drive_W_WaterIssues/Water_3Wells/Data/Images/WellLogs_DWR/ | 0004F02C.TIF                                         |
| H:/projects/Nitrates/Tulare_GIS/Shared_Projects/Drive_W_WaterIssues/Water_3Wells/Data/Images/WellLogs_DWR/ | 0004F030.TIF                                         |
| H:/projects/Nitrates/Tulare_GIS/Shared_Projects/Drive_W_WaterIssues/Water_3Wells/Data/Images/WellLogs_DWR/ | 0004F034.TIF                                         |
| H:/projects/Nitrates/Tulare_GIS/Shared_Projects/Drive_W_WaterIssues/Water_3Wells/Data/Images/WellLogs_DWR/ | 0004F036.TIF                                         |
| H:/projects/Nitrates/Tulare_GIS/Shared_Projects/Drive_W_WaterIssues/Water_3Wells/Data/Images/WellLogs_DWR/ | 0004F039.TIF                                         |
| H:/projects/Nitrates/Tulare_GIS/Shared_Projects/Drive_W_WaterIssues/Water_3Wells/Data/Images/WellLogs_DWR/ | 0004F03A.TIF                                         |
| H:/projects/Nitrates/Tulare_GIS/Shared_Projects/Drive_W_WaterIssues/Water_3Wells/Data/Images/WellLogs_DWR/ | 0004F03E.TIF                                         |
| H:/projects/Nitrates/Tulare_GIS/Shared_Projects/Drive_W_WaterIssues/Water_3Wells/Data/Images/WellLogs_DWR/ | 0004F044.TIF                                         |
| H:/projects/Nitrates/Tulare_GIS/Shared_Projects/Drive_W_WaterIssues/Water_3Wells/Data/Images/WellLogs_DWR/ | 0004F046.TIF                                         |
| H:/projects/Nitrates/Tulare_GIS/Shared_Projects/Drive_W_WaterIssues/Water_3Wells/Data/Images/WellLogs_DWR/ | 0004F04A.TIF                                         |
| H:/projects/Nitrates/Tulare_GIS/Shared_Projects/Drive_W_WaterIssues/Water_3Wells/Data/Images/WellLogs_DWR/ | 0004F050.TIF                                         |
| H:/projects/Nitrates/Tulare_GIS/Shared_Projects/Drive_W_WaterIssues/Water_3Wells/Data/Images/WellLogs_DWR/ | 0004F056.TIF                                         |
| H:/projects/Nitrates/Tulare_GIS/Shared_Projects/Drive_W_WaterIssues/Water_3Wells/Data/Images/WellLogs_DWR/ | 0004F058.TIF                                         |
| H:/projects/Nitrates/Tulare_GIS/Shared_Projects/Drive_W_WaterIssues/Water_3Wells/Data/Images/WellLogs_DWR/ | 0004F05C.TIF                                         |
| H:/projects/Nitrates/Tulare_GIS/Shared_Projects/Drive_W_WaterIssues/Water_3Wells/Data/Images/WellLogs_DWR/ | 0004F060.TIF                                         |
| H:/projects/Nitrates/Tulare_GIS/Shared_Projects/Drive_W_WaterIssues/Water_3Wells/Data/Images/WellLogs_DWR/ | 0004F069.TIF                                         |
| H:/projects/Nitrates/Tulare_GIS/Shared_Projects/Drive_W_WaterIssues/Water_3Wells/Data/Images/WellLogs_DWR/ | 0004F070.TIF                                         |
| H:/projects/Nitrates/Tulare_GIS/Shared_Projects/Drive_W_WaterIssues/Water_3Wells/Data/Images/WellLogs_DWR/ | 0004F074.TIF                                         |
| H:/projects/Nitrates/Tulare_GIS/Shared_Projects/Drive_W_WaterIssues/Water_3Wells/Data/Images/WellLogs_DWR/ | 0004F07B.TIF                                         |
| H:/projects/Nitrates/Tulare_GIS/Shared_Projects/Drive_W_WaterIssues/Water_3Wells/Data/Images/WellLogs_DWR/ | 0004F081.TIF                                         |
| H:/projects/Nitrates/Tulare_GIS/Shared_Projects/Drive_W_WaterIssues/Water_3Wells/Data/Images/WellLogs_DWR/ | 0004F085.TIF                                         |
| H:/projects/Nitrates/Tulare_GIS/Shared_Projects/Drive_W_WaterIssues/Water_3Wells/Data/Images/WellLogs_DWR/ | 0004F087.TIF                                         |
| H:/projects/Nitrates/Tulare_GIS/Shared_Projects/Drive_W_WaterIssues/Water_3Wells/Data/Images/WellLogs_DWR/ | 0004F08A.TIF                                         |
| H:/projects/Nitrates/Tulare_GIS/Shared_Projects/Drive_W_WaterIssues/Water_3Wells/Data/Images/WellLogs_DWR/ | 0004F08C.TIF                                         |
| H:/projects/Nitrates/Tulare_GIS/Shared_Projects/Drive_W_WaterIssues/Water_3Wells/Data/Images/WellLogs_DWR/ | 0004F08D.TIF                                         |
| H:/projects/Nitrates/Tulare_GIS/Shared_Projects/Drive_W_WaterIssues/Water_3Wells/Data/Images/WellLogs_DWR/ | 0004F08F.TIF                                         |
| H:/projects/Nitrates/Tulare_GIS/Shared_Projects/Drive_W_WaterIssues/Water_3Wells/Data/Images/WellLogs_DWR/ | 0004F091.TIF                                         |
| H:/projects/Nitrates/Tulare_GIS/Shared_Projects/Drive_W_WaterIssues/Water_3Wells/Data/Images/WellLogs_DWR/ | 0004F099.TIF                                         |
| H:/projects/Nitrates/Tulare_GIS/Shared_Projects/Drive_W_WaterIssues/Water_3Wells/Data/Images/WellLogs_DWR/ | 0004F09D.TIF                                         |
| H:/projects/Nitrates/Tulare_GIS/Shared_Projects/Drive_W_WaterIssues/Water_3Wells/Data/Images/WellLogs_DWR/ | 0004F0A1.TIF                                         |
| H:/projects/Nitrates/Tulare_GIS/Shared_Projects/Drive_W_WaterIssues/Water_3Wells/Data/Images/WellLogs_DWR/ | 0004F0A6.TIF                                         |
| H:/projects/Nitrates/Tulare_GIS/Shared_Projects/Drive_W_WaterIssues/Water_3Wells/Data/Images/WellLogs_DWR/ | 0004F0AA.TIF                                         |
| H:/projects/Nitrates/Tulare_GIS/Shared_Projects/Drive_W_WaterIssues/Water_3Wells/Data/Images/WellLogs_DWR/ | 0004F0AF.TIF                                         |
| H:/projects/Nitrates/Tulare_GIS/Shared_Projects/Drive_W_WaterIssues/Water_3Wells/Data/Images/WellLogs_DWR/ | 0004F0B4.TIF                                         |
| H:/projects/Nitrates/Tulare_GIS/Shared_Projects/Drive_W_WaterIssues/Water_3Wells/Data/Images/WellLogs_DWR/ | 0004F0B9.TIF                                         |
| H:/projects/Nitrates/Tulare_GIS/Shared_Projects/Drive_W_WaterIssues/Water_3Wells/Data/Images/WellLogs_DWR/ | 0004F0BC.TIF                                         |
| H:/projects/Nitrates/Tulare_GIS/Shared_Projects/Drive_W_WaterIssues/Water_3Wells/Data/Images/WellLogs_DWR/ | 0004F0BD.TIF                                         |
| H:/projects/Nitrates/Tulare_GIS/Shared_Projects/Drive_W_WaterIssues/Water_3Wells/Data/Images/WellLogs_DWR/ | 0004F0CC.TIF                                         |
| H:/projects/Nitrates/Tulare_GIS/Shared_Projects/Drive_W_WaterIssues/Water_3Wells/Data/Images/WellLogs_DWR/ | 0004F0D6.TIF                                         |
| H:/projects/Nitrates/Tulare_GIS/Shared_Projects/Drive_W_WaterIssues/Water_3Wells/Data/Images/WellLogs_DWR/ | 0004F0DD.TIF                                         |
| H:/projects/Nitrates/Tulare_GIS/Shared_Projects/Drive_W_WaterIssues/Water_3Wells/Data/Images/WellLogs_DWR/ | 0004F0DF.TIF                                         |
| H:/projects/Nitrates/Tulare_GIS/Shared_Projects/Drive_W_WaterIssues/Water_3Wells/Data/Images/WellLogs_DWR/ | 0004F0E2.TIF                                         |
| H:/projects/Nitrates/Tulare_GIS/Shared_Projects/Drive_W_WaterIssues/Water_3Wells/Data/Images/WellLogs_DWR/ | 0004F0E8.TIF                                         |
| H:/projects/Nitrates/Tulare_GIS/Shared_Projects/Drive_W_WaterIssues/Water_3Wells/Data/Images/WellLogs_DWR/ | 0004F0EF.TIF                                         |
| H:/projects/Nitrates/Tulare_GIS/Shared_Projects/Drive_W_WaterIssues/Water_3Wells/Data/Images/WellLogs_DWR/ | 0004F0FA.TIF                                         |
| H:/projects/Nitrates/Tulare_GIS/Shared_Projects/Drive_W_WaterIssues/Water_3Wells/Data/Images/WellLogs_DWR/ | 0004F0FE.TIF                                         |
| H:/projects/Nitrates/Tulare_GIS/Shared_Projects/Drive_W_WaterIssues/Water_3Wells/Data/Images/WellLogs_DWR/ | 0004F101.TIF                                         |
| H:/projects/Nitrates/Tulare_GIS/Shared_Projects/Drive_W_WaterIssues/Water_3Wells/Data/Images/WellLogs_DWR/ | 0004F104.TIF                                         |
| H:/projects/Nitrates/Tulare_GIS/Shared_Projects/Drive_W_WaterIssues/Water_3Wells/Data/Images/WellLogs_DWR/ | 0004F10A.TIF                                         |
| H:/projects/Nitrates/Tulare_GIS/Shared_Projects/Drive_W_WaterIssues/Water_3Wells/Data/Images/WellLogs_DWR/ | 0004F110.TIF                                         |
| H:/projects/Nitrates/Tulare_GIS/Shared_Projects/Drive_W_WaterIssues/Water_3Wells/Data/Images/WellLogs_DWR/ | 0004F125.TIF                                         |
| H:/projects/Nitrates/Tulare_GIS/Shared_Projects/Drive_W_WaterIssues/Water_3Wells/Data/Images/WellLogs_DWR/ | 0004F128.TIF                                         |
| H:/projects/Nitrates/Tulare_GIS/Shared_Projects/Drive_W_WaterIssues/Water_3Wells/Data/Images/WellLogs_DWR/ | 0004F12A.TIF                                         |
| H:/projects/Nitrates/Tulare_GIS/Shared_Projects/Drive_W_WaterIssues/Water_3Wells/Data/Images/WellLogs_DWR/ | 0004F12C.TIF                                         |
| H:/projects/Nitrates/Tulare_GIS/Shared_Projects/Drive_W_WaterIssues/Water_3Wells/Data/Images/WellLogs_DWR/ | 0004F12E.TIF                                         |
| H:/projects/Nitrates/Tulare_GIS/Shared_Projects/Drive_W_WaterIssues/Water_3Wells/Data/Images/WellLogs_DWR/ | 0004F131.TIF                                         |
| H:/projects/Nitrates/Tulare_GIS/Shared_Projects/Drive_W_WaterIssues/Water_3Wells/Data/Images/WellLogs_DWR/ | 0004F135.TIF                                         |
| H:/projects/Nitrates/Tulare_GIS/Shared_Projects/Drive_W_WaterIssues/Water_3Wells/Data/Images/WellLogs_DWR/ | 0004F141.TIF                                         |
| H:/projects/Nitrates/Tulare_GIS/Shared_Projects/Drive_W_WaterIssues/Water_3Wells/Data/Images/WellLogs_DWR/ | 0004F146.TIF                                         |
| H:/projects/Nitrates/Tulare_GIS/Shared_Projects/Drive_W_WaterIssues/Water_3Wells/Data/Images/WellLogs_DWR/ | 0004F14A.TIF                                         |
| H:/projects/Nitrates/Tulare_GIS/Shared_Projects/Drive_W_WaterIssues/Water_3Wells/Data/Images/WellLogs_DWR/ | 0004F14B.TIF                                         |
| H:/projects/Nitrates/Tulare_GIS/Shared_Projects/Drive_W_WaterIssues/Water_3Wells/Data/Images/WellLogs_DWR/ | 0004F14F.TIF                                         |
| H:/projects/Nitrates/Tulare_GIS/Shared_Projects/Drive_W_WaterIssues/Water_3Wells/Data/Images/WellLogs_DWR/ | 0004F158.TIF                                         |
| H:/projects/Nitrates/Tulare_GIS/Shared_Projects/Drive_W_WaterIssues/Water_3Wells/Data/Images/WellLogs_DWR/ | 0004F15C.TIF                                         |
| H:/projects/Nitrates/Tulare_GIS/Shared_Projects/Drive_W_WaterIssues/Water_3Wells/Data/Images/WellLogs_DWR/ | 0004F163.TIF                                         |
| H:/projects/Nitrates/Tulare_GIS/Shared_Projects/Drive_W_WaterIssues/Water_3Wells/Data/Images/WellLogs_DWR/ | 0004F167.TIF                                         |
| H:/projects/Nitrates/Tulare_GIS/Shared_Projects/Drive_W_WaterIssues/Water_3Wells/Data/Images/WellLogs_DWR/ | 0004F169.TIF                                         |
| H:/projects/Nitrates/Tulare_GIS/Shared_Projects/Drive_W_WaterIssues/Water_3Wells/Data/Images/WellLogs_DWR/ | 0004F16C.TIF                                         |
| H:/projects/Nitrates/Tulare_GIS/Shared_Projects/Drive_W_WaterIssues/Water_3Wells/Data/Images/WellLogs_DWR/ | 0004F16E.TIF                                         |
| H:/projects/Nitrates/Tulare_GIS/Shared_Projects/Drive_W_WaterIssues/Water_3Wells/Data/Images/WellLogs_DWR/ | 0004F175.TIF                                         |
| H:/projects/Nitrates/Tulare_GIS/Shared_Projects/Drive_W_WaterIssues/Water_3Wells/Data/Images/WellLogs_DWR/ | 0004F178.TIF                                         |
| H:/projects/Nitrates/Tulare_GIS/Shared_Projects/Drive_W_WaterIssues/Water_3Wells/Data/Images/WellLogs_DWR/ | 0004F181.TIF                                         |
| H:/projects/Nitrates/Tulare_GIS/Shared_Projects/Drive_W_WaterIssues/Water_3Wells/Data/Images/WellLogs_DWR/ | 0004F186.TIF                                         |
| H:/projects/Nitrates/Tulare_GIS/Shared_Projects/Drive_W_WaterIssues/Water_3Wells/Data/Images/WellLogs_DWR/ | 0004F18D.TIF                                         |
| H:/projects/Nitrates/Tulare_GIS/Shared_Projects/Drive_W_WaterIssues/Water_3Wells/Data/Images/WellLogs_DWR/ | 0004F194.TIF                                         |
| H:/projects/Nitrates/Tulare_GIS/Shared_Projects/Drive_W_WaterIssues/Water_3Wells/Data/Images/WellLogs_DWR/ | 0004F19B.TIF                                         |
| H:/projects/Nitrates/Tulare_GIS/Shared_Projects/Drive_W_WaterIssues/Water_3Wells/Data/Images/WellLogs_DWR/ | 0004F1A0.TIF                                         |
| H:/projects/Nitrates/Tulare_GIS/Shared_Projects/Drive_W_WaterIssues/Water_3Wells/Data/Images/WellLogs_DWR/ | 0004F1A3.TIF                                         |
| H:/projects/Nitrates/Tulare_GIS/Shared_Projects/Drive_W_WaterIssues/Water_3Wells/Data/Images/WellLogs_DWR/ | 0004F1A8.TIF                                         |
| H:/projects/Nitrates/Tulare_GIS/Shared_Projects/Drive_W_WaterIssues/Water_3Wells/Data/Images/WellLogs_DWR/ | 0004F1A9.TIF                                         |
| H:/projects/Nitrates/Tulare_GIS/Shared_Projects/Drive_W_WaterIssues/Water_3Wells/Data/Images/WellLogs_DWR/ | 0004F1B0.TIF                                         |
| H:/projects/Nitrates/Tulare_GIS/Shared_Projects/Drive_W_WaterIssues/Water_3Wells/Data/Images/WellLogs_DWR/ | 0004F1B4.TIF                                         |
| H:/projects/Nitrates/Tulare_GIS/Shared_Projects/Drive_W_WaterIssues/Water_3Wells/Data/Images/WellLogs_DWR/ | 0004F1BD.TIF                                         |
| H:/projects/Nitrates/Tulare_GIS/Shared_Projects/Drive_W_WaterIssues/Water_3Wells/Data/Images/WellLogs_DWR/ | 0004F1C4.TIF                                         |
| H:/projects/Nitrates/Tulare_GIS/Shared_Projects/Drive_W_WaterIssues/Water_3Wells/Data/Images/WellLogs_DWR/ | 0004F1C6.TIF                                         |
| H:/projects/Nitrates/Tulare_GIS/Shared_Projects/Drive_W_WaterIssues/Water_3Wells/Data/Images/WellLogs_DWR/ | 0004F1C9.TIF                                         |
| H:/projects/Nitrates/Tulare_GIS/Shared_Projects/Drive_W_WaterIssues/Water_3Wells/Data/Images/WellLogs_DWR/ | 0004F1CB.TIF                                         |
| H:/projects/Nitrates/Tulare_GIS/Shared_Projects/Drive_W_WaterIssues/Water_3Wells/Data/Images/WellLogs_DWR/ | 0004F1CD.TIF                                         |
| H:/projects/Nitrates/Tulare_GIS/Shared_Projects/Drive_W_WaterIssues/Water_3Wells/Data/Images/WellLogs_DWR/ | 0004F1D0.TIF                                         |
| H:/projects/Nitrates/Tulare_GIS/Shared_Projects/Drive_W_WaterIssues/Water_3Wells/Data/Images/WellLogs_DWR/ | 0004F1DF.TIF                                         |
| H:/projects/Nitrates/Tulare_GIS/Shared_Projects/Drive_W_WaterIssues/Water_3Wells/Data/Images/WellLogs_DWR/ | 0004F1E2.TIF                                         |
| H:/projects/Nitrates/Tulare_GIS/Shared_Projects/Drive_W_WaterIssues/Water_3Wells/Data/Images/WellLogs_DWR/ | 0004F1E8.TIF                                         |
| H:/projects/Nitrates/Tulare_GIS/Shared_Projects/Drive_W_WaterIssues/Water_3Wells/Data/Images/WellLogs_DWR/ | 0004F1EF.TIF                                         |
| H:/projects/Nitrates/Tulare_GIS/Shared_Projects/Drive_W_WaterIssues/Water_3Wells/Data/Images/WellLogs_DWR/ | 0004F1F2.TIF                                         |
| H:/projects/Nitrates/Tulare_GIS/Shared_Projects/Drive_W_WaterIssues/Water_3Wells/Data/Images/WellLogs_DWR/ | 0004F1F5.TIF                                         |
| H:/projects/Nitrates/Tulare_GIS/Shared_Projects/Drive_W_WaterIssues/Water_3Wells/Data/Images/WellLogs_DWR/ | 0004F1FD.TIF                                         |
| H:/projects/Nitrates/Tulare_GIS/Shared_Projects/Drive_W_WaterIssues/Water_3Wells/Data/Images/WellLogs_DWR/ | 0004F204.TIF                                         |
| H:/projects/ShastaRiver/Big Springs Ranch/Topo/LittleSprings_2013/                                   | LSC_4-17-2014.tsj                                    |
| H:/projects/ShastaRiver/Fontius/Topo Survey/Raw Data/                                                | FONTES.txt                                           |
| H:/projects/ShastaRiver/Fontius/Topo Survey/Raw Data/                                                | FONTES XS & LP 10-24-07.txt                          |
| H:/projects/ShastaRiver/Little_Shasta/Time series photos/Refuge 1-20-2016/                           | EK000052.JPG                                         |
| H:/projects/ShastaRiver/Little_Shasta/Time series photos/Refuge 1-20-2016/                           | EK000063.JPG                                         |
| H:/projects/ShastaRiver/Little_Shasta/Time series photos/Refuge 1-20-2016/                           | EK000064.JPG                                         |
| H:/projects/ShastaRiver/Little_Shasta/Time series photos/Refuge 1-20-2016/                           | EK000104.JPG                                         |
| H:/projects/ShastaRiver/Little_Shasta/Time series photos/Refuge 1-20-2016/                           | EK000145.JPG                                         |
| H:/projects/ShastaRiver/Little_Shasta/Time series photos/Refuge 1-20-2016/                           | EK000151.JPG                                         |
| H:/projects/ShastaRiver/Little_Shasta/Time series photos/Refuge 1-20-2016/                           | EK000207.JPG                                         |
| H:/projects/ShastaRiver/Little_Shasta/Time series photos/Refuge 1-20-2016/                           | EK000214.JPG                                         |
| H:/projects/ShastaRiver/Little_Shasta/Time series photos/Refuge 1-20-2016/                           | EK000218.JPG                                         |
| H:/projects/ShastaRiver/Little_Shasta/Time series photos/Refuge 1-20-2016/                           | EK000264.JPG                                         |
| H:/projects/ShastaRiver/Little_Shasta/Time series photos/Refuge 1-20-2016/                           | EK000312.JPG                                         |
| H:/projects/ShastaRiver/Little_Shasta/Time series photos/Refuge 1-20-2016/                           | EK000317.JPG                                         |
| H:/projects/ShastaRiver/Little_Shasta/Time series photos/Refuge 1-20-2016/                           | EK000349.JPG                                         |
| H:/projects/ShastaRiver/Little_Shasta/Time series photos/Refuge 1-20-2016/                           | EK000350.JPG                                         |
| H:/projects/ShastaRiver/Little_Shasta/Time series photos/Refuge 1-20-2016/                           | EK000356.JPG                                         |
| H:/projects/ShastaRiver/Little_Shasta/Time series photos/Refuge 1-20-2016/                           | EK000362.JPG                                         |
| H:/projects/ShastaRiver/Little_Shasta/Time series photos/Refuge 1-20-2016/                           | EK000388.JPG                                         |
| H:/projects/ShastaRiver/Little_Shasta/Topography/Raw/                                                | LSHASTA_06-01-2015_A.tsj                             |
| H:/projects/ShastaRiver/Nelson/Shasta Survey Data/                                                   | SHASTA 1_25_07.txt                                   |
| H:/projects/ShastaRiver/Nelson/Shasta Survey Data/                                                   | Shasta 7-11-06.txt                                   |
| H:/projects/ShastaRiver/Nelson/Shasta Survey Data/                                                   | SHASTA FP.txt                                        |
| H:/projects/ShastaRiver/Nelson/Shasta Survey Data/                                                   | SHASTA LP UTM.txt                                    |
| H:/projects/ShastaRiver/Nelson/Shasta Survey Data/                                                   | SHASTA XS 10_15_07.txt                               |
| H:/projects/ShastaRiver/Nelson/Shasta Survey Data/                                                   | SHASTA XS 3_18_07.txt                                |
| H:/projects/ShastaRiver/Nelson/Shasta Survey Data/                                                   | SHASTA XS 7_17_07.txt                                |
| H:/projects/ShastaRiver/Nelson/Shasta Survey Data/                                                   | SHASTA XS 8_3_06.txt                                 |
| H:/projects/ShastaRiver/Nelson/Shasta Survey Data/                                                   | SHWSE.txt                                            |
+----------------------------------------------------------------------------------------------------+------------------------------------------------------+
