       34     17 drwxr-xr-x  11 root     root           12 May 28 11:11 /z0/proj/bacula/vols/
      512 5411911 -rw-r-----   1 bacula   tape     10737356977 Jun 19 23:10 /z0/proj/bacula/vols/database-0004
       34      17 drwxr-x---   2 bacula   tape             119 Aug  2  2019 /z0/proj/bacula/vols/s1-g-projects
      390 95429557 -rw-r-----   1 bacula   tape     107374158536 Jul 13  2019 /z0/proj/bacula/vols/s1-g-projects/s1-g-projects-0405
      139 56961000 -rw-r-----   1 bacula   tape     107374159724 Jul 16  2019 /z0/proj/bacula/vols/s1-g-projects/s1-g-projects-0771
      401 102283785 -rw-r-----   1 bacula   tape     107374159108 Jul 15  2019 /z0/proj/bacula/vols/s1-g-projects/s1-g-projects-0437
      267 102913913 -rw-r-----   1 bacula   tape     107374158538 Jul 15  2019 /z0/proj/bacula/vols/s1-g-projects/s1-g-projects-0440
        6 102450478 -rw-r-----   1 bacula   tape     107374158789 Jul 15  2019 /z0/proj/bacula/vols/s1-g-projects/s1-g-projects-0743
      271 104820921 -rw-r-----   1 bacula   tape     107374158414 Jul 16  2019 /z0/proj/bacula/vols/s1-g-projects/s1-g-projects-0749
      768 102614318 -rw-r-----   1 bacula   tape     107374158983 Jul 13  2019 /z0/proj/bacula/vols/s1-g-projects/s1-g-projects-0397
      898 104580835 -rw-r-----   1 bacula   tape     107374158617 Jul 13  2019 /z0/proj/bacula/vols/s1-g-projects/s1-g-projects-0416
       22  50830657 -rw-r-----   1 bacula   tape     107374159421 Jul 16  2019 /z0/proj/bacula/vols/s1-g-projects/s1-g-projects-0786
      138  83741222 -rw-r-----   1 bacula   tape     107374159039 Jul 16  2019 /z0/proj/bacula/vols/s1-g-projects/s1-g-projects-0768
      275 104778858 -rw-r-----   1 bacula   tape     107374158659 Jul 16  2019 /z0/proj/bacula/vols/s1-g-projects/s1-g-projects-0762
      901 104658040 -rw-r-----   1 bacula   tape     107374158442 Jul 14  2019 /z0/proj/bacula/vols/s1-g-projects/s1-g-projects-0424
      128 103131268 -rw-r-----   1 bacula   tape     107374158823 Jul 13  2019 /z0/proj/bacula/vols/s1-g-projects/s1-g-projects-0384
      272 104490300 -rw-r-----   1 bacula   tape     107374157662 Jul 16  2019 /z0/proj/bacula/vols/s1-g-projects/s1-g-projects-0750
      517 104580340 -rw-r-----   1 bacula   tape     107374158619 Jul 16  2019 /z0/proj/bacula/vols/s1-g-projects/s1-g-projects-0757
      385  78457483 -rw-r-----   1 bacula   tape     107374158413 Jul 13  2019 /z0/proj/bacula/vols/s1-g-projects/s1-g-projects-0389
      900 104793108 -rw-r-----   1 bacula   tape     107374158467 Jul 14  2019 /z0/proj/bacula/vols/s1-g-projects/s1-g-projects-0423
      398 100242492 -rw-r-----   1 bacula   tape     107374159022 Jul 15  2019 /z0/proj/bacula/vols/s1-g-projects/s1-g-projects-0429
      280  24640858 -rw-r-----   1 bacula   tape     107374160010 Jul 16  2019 /z0/proj/bacula/vols/s1-g-projects/s1-g-projects-0781
      276 104657576 -rw-r-----   1 bacula   tape     107374158437 Jul 16  2019 /z0/proj/bacula/vols/s1-g-projects/s1-g-projects-0765
      394 104831974 -rw-r-----   1 bacula   tape     107374158454 Jul 13  2019 /z0/proj/bacula/vols/s1-g-projects/s1-g-projects-0411
      136  84506682 -rw-r-----   1 bacula   tape     107374159263 Jul 15  2019 /z0/proj/bacula/vols/s1-g-projects/s1-g-projects-0744
      386  97612655 -rw-r-----   1 bacula   tape     107374156882 Jul 13  2019 /z0/proj/bacula/vols/s1-g-projects/s1-g-projects-0390
      134 102563000 -rw-r-----   1 bacula   tape     107374158897 Jul 15  2019 /z0/proj/bacula/vols/s1-g-projects/s1-g-projects-0430
       19  24386187 -rw-r-----   1 bacula   tape     107374159966 Jul 16  2019 /z0/proj/bacula/vols/s1-g-projects/s1-g-projects-0776
      520 101269696 -rw-r-----   1 bacula   tape     107374173444 Aug 19  2019 /z0/proj/bacula/vols/s1-g-projects/s1-g-projects-0825
      896 104821008 -rw-r-----   1 bacula   tape     107374158386 Jul 13  2019 /z0/proj/bacula/vols/s1-g-projects/s1-g-projects-0408
      389 102454306 -rw-r-----   1 bacula   tape     107374158826 Jul 13  2019 /z0/proj/bacula/vols/s1-g-projects/s1-g-projects-0402
       20  24259998 -rw-r-----   1 bacula   tape     107374159912 Jul 16  2019 /z0/proj/bacula/vols/s1-g-projects/s1-g-projects-0778
       17  44780051 -rw-r-----   1 bacula   tape     107374157994 Jul 16  2019 /z0/proj/bacula/vols/s1-g-projects/s1-g-projects-0772
      391 104730849 -rw-r-----   1 bacula   tape     107374159339 Jul 13  2019 /z0/proj/bacula/vols/s1-g-projects/s1-g-projects-0406
      387 102929585 -rw-r-----   1 bacula   tape     107374159396 Jul 13  2019 /z0/proj/bacula/vols/s1-g-projects/s1-g-projects-0394
      403 102640812 -rw-r-----   1 bacula   tape     107374159116 Jul 15  2019 /z0/proj/bacula/vols/s1-g-projects/s1-g-projects-0443
      516  97310126 -rw-r-----   1 bacula   tape     107374156874 Jul 15  2019 /z0/proj/bacula/vols/s1-g-projects/s1-g-projects-0434
       13 104791501 -rw-r-----   1 bacula   tape     107374158658 Jul 16  2019 /z0/proj/bacula/vols/s1-g-projects/s1-g-projects-0761
     1026  52143150 -rw-r-----   1 bacula   tape     107374159401 Jul 16  2019 /z0/proj/bacula/vols/s1-g-projects/s1-g-projects-0785
      261 104803298 -rw-r-----   1 bacula   tape     107374158439 Jul 13  2019 /z0/proj/bacula/vols/s1-g-projects/s1-g-projects-0415
       11 104831814 -rw-r-----   1 bacula   tape     107374158933 Jul 16  2019 /z0/proj/bacula/vols/s1-g-projects/s1-g-projects-0753
      274 103632386 -rw-r-----   1 bacula   tape     107374158435 Jul 16  2019 /z0/proj/bacula/vols/s1-g-projects/s1-g-projects-0759
      512  99760835 -rw-r-----   1 bacula   tape     107374159185 Jul 13  2019 /z0/proj/bacula/vols/s1-g-projects/s1-g-projects-0387
      397 103399326 -rw-r-----   1 bacula   tape     107374159058 Jul 15  2019 /z0/proj/bacula/vols/s1-g-projects/s1-g-projects-0427
      899 104791533 -rw-r-----   1 bacula   tape     107374158631 Jul 13  2019 /z0/proj/bacula/vols/s1-g-projects/s1-g-projects-0420
      405 104647514 -rw-r-----   1 bacula   tape     107374158716 Jul 16  2019 /z0/proj/bacula/vols/s1-g-projects/s1-g-projects-0754
      263 103587167 -rw-r-----   1 bacula   tape     107374158434 Jul 13  2019 /z0/proj/bacula/vols/s1-g-projects/s1-g-projects-0418
     1152 104831814 -rw-r-----   1 bacula   tape     107374158909 Jul 13  2019 /z0/proj/bacula/vols/s1-g-projects/s1-g-projects-0412
        5   7746580 -rw-r-----   1 bacula   tape       8843480570 Sep 14 01:17 /z0/proj/bacula/vols/s1-g-projects/s1-g-projects-0711
      277 104411129 -rw-r-----   1 bacula   tape     107374158323 Jul 16  2019 /z0/proj/bacula/vols/s1-g-projects/s1-g-projects-0766
       23  50434117 -rw-r-----   1 bacula   tape     107374159682 Jul 16  2019 /z0/proj/bacula/vols/s1-g-projects/s1-g-projects-0788
       21  37043142 -rw-r-----   1 bacula   tape     107374159772 Jul 16  2019 /z0/proj/bacula/vols/s1-g-projects/s1-g-projects-0782
      399  78454798 -rw-r-----   1 bacula   tape     107374158398 Jul 15  2019 /z0/proj/bacula/vols/s1-g-projects/s1-g-projects-0433
      268 102515686 -rw-r-----   1 bacula   tape     107374157050 Jul 15  2019 /z0/proj/bacula/vols/s1-g-projects/s1-g-projects-0444
        3 102142762 -rw-r-----   1 bacula   tape     107374159166 Jul 15  2019 /z0/proj/bacula/vols/s1-g-projects/s1-g-projects-0439
      640 102284720 -rw-r-----   1 bacula   tape     107374159108 Jul 13  2019 /z0/proj/bacula/vols/s1-g-projects/s1-g-projects-0393
      270 104728323 -rw-r-----   1 bacula   tape     107374159315 Jul 16  2019 /z0/proj/bacula/vols/s1-g-projects/s1-g-projects-0747
      257 102680205 -rw-r-----   1 bacula   tape     107374159114 Jul 13  2019 /z0/proj/bacula/vols/s1-g-projects/s1-g-projects-0399
      132 102602433 -rw-r-----   1 bacula   tape     107374157635 Jul 13  2019 /z0/proj/bacula/vols/s1-g-projects/s1-g-projects-0401
        4 102358623 -rw-r-----   1 bacula   tape     107374139558 Aug  4 02:22 /z0/proj/bacula/vols/s1-g-projects/s1-g-projects-0702
       18  22983798 -rw-r-----   1 bacula   tape     107374160062 Jul 16  2019 /z0/proj/bacula/vols/s1-g-projects/s1-g-projects-0775
      514  88785284 -rw-r-----   1 bacula   tape     107374158956 Jul 13  2019 /z0/proj/bacula/vols/s1-g-projects/s1-g-projects-0391
        7  68731439 -rw-r-----   1 bacula   tape     107374158805 Jul 16  2019 /z0/proj/bacula/vols/s1-g-projects/s1-g-projects-0745
     1154 100198959 -rw-r-----   1 bacula   tape     107374159192 Jul 15  2019 /z0/proj/bacula/vols/s1-g-projects/s1-g-projects-0431
      404 102474031 -rw-r-----   1 bacula   tape     107374156543 Sep 28  2019 /z0/proj/bacula/vols/s1-g-projects/s1-g-projects-0446
     1155 102593834 -rw-r-----   1 bacula   tape     107374180511 Aug  2  2019 /z0/proj/bacula/vols/s1-g-projects/s1-g-projects-0816
      279  25955181 -rw-r-----   1 bacula   tape     107374159965 Jul 16  2019 /z0/proj/bacula/vols/s1-g-projects/s1-g-projects-0777
      259  83395976 -rw-r-----   1 bacula   tape     107374159261 Jul 13  2019 /z0/proj/bacula/vols/s1-g-projects/s1-g-projects-0403
      393 104381206 -rw-r-----   1 bacula   tape     107374157666 Jul 13  2019 /z0/proj/bacula/vols/s1-g-projects/s1-g-projects-0409
      513  77541706 -rw-r-----   1 bacula   tape     107374158530 Jul 13  2019 /z0/proj/bacula/vols/s1-g-projects/s1-g-projects-0388
      137 104804057 -rw-r-----   1 bacula   tape     107374158459 Jul 16  2019 /z0/proj/bacula/vols/s1-g-projects/s1-g-projects-0756
      264 103122021 -rw-r-----   1 bacula   tape     107374158838 Jul 15  2019 /z0/proj/bacula/vols/s1-g-projects/s1-g-projects-0428
     1153 104807845 -rw-r-----   1 bacula   tape     107374158461 Jul 14  2019 /z0/proj/bacula/vols/s1-g-projects/s1-g-projects-0422
      769 104793268 -rw-r-----   1 bacula   tape     107374158472 Jul 16  2019 /z0/proj/bacula/vols/s1-g-projects/s1-g-projects-0764
      770  24784238 -rw-r-----   1 bacula   tape     107374159995 Jul 16  2019 /z0/proj/bacula/vols/s1-g-projects/s1-g-projects-0780
     1024 104511439 -rw-r-----   1 bacula   tape     107374158888 Jul 13  2019 /z0/proj/bacula/vols/s1-g-projects/s1-g-projects-0410
      262 104828537 -rw-r-----   1 bacula   tape     107374158841 Jul 13  2019 /z0/proj/bacula/vols/s1-g-projects/s1-g-projects-0417
      518 104808389 -rw-r-----   1 bacula   tape     107374158469 Jul 16  2019 /z0/proj/bacula/vols/s1-g-projects/s1-g-projects-0763
      771  49882048 -rw-r-----   1 bacula   tape     107374159567 Jul 16  2019 /z0/proj/bacula/vols/s1-g-projects/s1-g-projects-0787
       15  32700723 -rw-r-----   1 bacula   tape     107374159566 Jul 16  2019 /z0/proj/bacula/vols/s1-g-projects/s1-g-projects-0769
      902 104411625 -rw-r-----   1 bacula   tape     107374158333 Jul 14  2019 /z0/proj/bacula/vols/s1-g-projects/s1-g-projects-0425
        9 104401730 -rw-r-----   1 bacula   tape     107374158864 Jul 16  2019 /z0/proj/bacula/vols/s1-g-projects/s1-g-projects-0751
      256 100223942 -rw-r-----   1 bacula   tape     107374159016 Jul 13  2019 /z0/proj/bacula/vols/s1-g-projects/s1-g-projects-0385
      133  69530466 -rw-r-----   1 bacula   tape     107374158790 Jul 13  2019 /z0/proj/bacula/vols/s1-g-projects/s1-g-projects-0404
       16  24775462 -rw-r-----   1 bacula   tape     107374159704 Jul 16  2019 /z0/proj/bacula/vols/s1-g-projects/s1-g-projects-0770
      904 102613790 -rw-r-----   1 bacula   tape     107374158970 Jul 15  2019 /z0/proj/bacula/vols/s1-g-projects/s1-g-projects-0441
      903  96259625 -rw-r-----   1 bacula   tape     107374159258 Jul 15  2019 /z0/proj/bacula/vols/s1-g-projects/s1-g-projects-0436
        2 103377603 -rw-r-----   1 bacula   tape     107374159085 Jul 13  2019 /z0/proj/bacula/vols/s1-g-projects/s1-g-projects-0378
      130 102924374 -rw-r-----   1 bacula   tape     107374158541 Jul 13  2019 /z0/proj/bacula/vols/s1-g-projects/s1-g-projects-0396
        8 104831870 -rw-r-----   1 bacula   tape     107374159962 Jul 16  2019 /z0/proj/bacula/vols/s1-g-projects/s1-g-projects-0748
      266 102899423 -rw-r-----   1 bacula   tape     107374159403 Jul 15  2019 /z0/proj/bacula/vols/s1-g-projects/s1-g-projects-0438
     1025 102600579 -rw-r-----   1 bacula   tape     107374157639 Jul 15  2019 /z0/proj/bacula/vols/s1-g-projects/s1-g-projects-0445
      265  77445856 -rw-r-----   1 bacula   tape     107374158518 Jul 15  2019 /z0/proj/bacula/vols/s1-g-projects/s1-g-projects-0432
      131 101647359 -rw-r-----   1 bacula   tape     107374158232 Jul 13  2019 /z0/proj/bacula/vols/s1-g-projects/s1-g-projects-0398
      269  95096370 -rw-r-----   1 bacula   tape     107374158540 Jul 16  2019 /z0/proj/bacula/vols/s1-g-projects/s1-g-projects-0746
     1280 100451959 -rw-r-----   1 bacula   tape     107374147318 Jun 30 01:21 /z0/proj/bacula/vols/s1-g-projects/s1-g-projects-0636
      129  96553682 -rw-r-----   1 bacula   tape     107374159258 Jul 13  2019 /z0/proj/bacula/vols/s1-g-projects/s1-g-projects-0392
      258 102486123 -rw-r-----   1 bacula   tape     107374157028 Jul 13  2019 /z0/proj/bacula/vols/s1-g-projects/s1-g-projects-0400
      278  24550226 -rw-r-----   1 bacula   tape     107374160043 Jul 16  2019 /z0/proj/bacula/vols/s1-g-projects/s1-g-projects-0774
      515 104778714 -rw-r-----   1 bacula   tape     107374158685 Jul 14  2019 /z0/proj/bacula/vols/s1-g-projects/s1-g-projects-0421
      273 104818563 -rw-r-----   1 bacula   tape     107374158290 Jul 16  2019 /z0/proj/bacula/vols/s1-g-projects/s1-g-projects-0755
      897 104648337 -rw-r-----   1 bacula   tape     107374158691 Jul 13  2019 /z0/proj/bacula/vols/s1-g-projects/s1-g-projects-0413
      395 104762122 -rw-r-----   1 bacula   tape     107374158430 Jul 13  2019 /z0/proj/bacula/vols/s1-g-projects/s1-g-projects-0419
      905  53101909 -rw-r-----   1 bacula   tape     107374159976 Jul 16  2019 /z0/proj/bacula/vols/s1-g-projects/s1-g-projects-0783
       14  89859577 -rw-r-----   1 bacula   tape     107374157818 Jul 16  2019 /z0/proj/bacula/vols/s1-g-projects/s1-g-projects-0767
      141  75919708 -rw-r-----   1 bacula   tape     107374171050 Jul 19  2019 /z0/proj/bacula/vols/s1-g-projects/s1-g-projects-0789
      281  50740393 -rw-r-----   1 bacula   tape     107374159779 Jul 16  2019 /z0/proj/bacula/vols/s1-g-projects/s1-g-projects-0784
      641 104716079 -rw-r-----   1 bacula   tape     107374158438 Jul 16  2019 /z0/proj/bacula/vols/s1-g-projects/s1-g-projects-0760
      260 104818531 -rw-r-----   1 bacula   tape     107374158349 Jul 13  2019 /z0/proj/bacula/vols/s1-g-projects/s1-g-projects-0414
      384 102593714 -rw-r-----   1 bacula   tape     107374158888 Jul 13  2019 /z0/proj/bacula/vols/s1-g-projects/s1-g-projects-0386
       12 104828537 -rw-r-----   1 bacula   tape     107374158821 Jul 16  2019 /z0/proj/bacula/vols/s1-g-projects/s1-g-projects-0758
       10 104831974 -rw-r-----   1 bacula   tape     107374158470 Jul 16  2019 /z0/proj/bacula/vols/s1-g-projects/s1-g-projects-0752
      396 103367062 -rw-r-----   1 bacula   tape     108354007961 Jul 15  2019 /z0/proj/bacula/vols/s1-g-projects/s1-g-projects-0426
      519  44661975 -rw-r-----   1 bacula   tape     107374159479 Jul 16  2019 /z0/proj/bacula/vols/s1-g-projects/s1-g-projects-0773
      140  26781342 -rw-r-----   1 bacula   tape     107374160035 Jul 16  2019 /z0/proj/bacula/vols/s1-g-projects/s1-g-projects-0779
      392 104831878 -rw-r-----   1 bacula   tape     107374159962 Jul 13  2019 /z0/proj/bacula/vols/s1-g-projects/s1-g-projects-0407
      388 102112072 -rw-r-----   1 bacula   tape     107374159167 Jul 13  2019 /z0/proj/bacula/vols/s1-g-projects/s1-g-projects-0395
      135  99392419 -rw-r-----   1 bacula   tape     107374171571 Apr 11 02:39 /z0/proj/bacula/vols/s1-g-projects/s1-g-projects-0532
      400  89074161 -rw-r-----   1 bacula   tape     107374158964 Jul 15  2019 /z0/proj/bacula/vols/s1-g-projects/s1-g-projects-0435
      402 101665005 -rw-r-----   1 bacula   tape     107374158244 Jul 15  2019 /z0/proj/bacula/vols/s1-g-projects/s1-g-projects-0442
       34        17 drwxr-x---   2 bacula   tape              109 Jul 18  2019 /z0/proj/bacula/vols/s1-h-projects
      650 100842937 -rw-r-----   1 bacula   tape     107374157938 Jul 17  2019 /z0/proj/bacula/vols/s1-h-projects/s1-h-projects-0804
      512  74350538 -rw-r-----   1 bacula   tape     107374159841 Jul 14  2019 /z0/proj/bacula/vols/s1-h-projects/s1-h-projects-0454
      393  43950894 -rw-r-----   1 bacula   tape     107374146075 Jan  9  2019 /z0/proj/bacula/vols/s1-h-projects/s1-h-projects-0650
      269  69192060 -rw-r-----   1 bacula   tape     107374159506 Jul 17  2019 /z0/proj/bacula/vols/s1-h-projects/s1-h-projects-0482
        3  90288582 -rw-r-----   1 bacula   tape     107374160086 Jul 16  2019 /z0/proj/bacula/vols/s1-h-projects/s1-h-projects-0466
     1152  65815449 -rw-r-----   1 bacula   tape     107374159156 Jul 17  2019 /z0/proj/bacula/vols/s1-h-projects/s1-h-projects-0488
      524  66995256 -rw-r-----   1 bacula   tape     107374178996 Feb 16  2019 /z0/proj/bacula/vols/s1-h-projects/s1-h-projects-0662
        2  86452140 -rw-r-----   1 bacula   tape     107374160078 Jul 14  2019 /z0/proj/bacula/vols/s1-h-projects/s1-h-projects-0447
      132  85578826 -rw-r-----   1 bacula   tape     107374166833 Sep 11  2018 /z0/proj/bacula/vols/s1-h-projects/s1-h-projects-0634
      517  99725693 -rw-r-----   1 bacula   tape     107374158060 Jul 17  2019 /z0/proj/bacula/vols/s1-h-projects/s1-h-projects-0475
      275  53025184 -rw-r-----   1 bacula   tape     107374159423 Jul 17  2019 /z0/proj/bacula/vols/s1-h-projects/s1-h-projects-0505
     1153  10783228 -rw-r-----   1 bacula   tape     107374159910 Jul 17  2019 /z0/proj/bacula/vols/s1-h-projects/s1-h-projects-0491
      136  87908157 -rw-r-----   1 bacula   tape     107374158996 Jul 17  2019 /z0/proj/bacula/vols/s1-h-projects/s1-h-projects-0792
      648  94124321 -rw-r-----   1 bacula   tape     107374157657 Jul 17  2019 /z0/proj/bacula/vols/s1-h-projects/s1-h-projects-0798
      278 101909878 -rw-r-----   1 bacula   tape     107374159339 Jul 17  2019 /z0/proj/bacula/vols/s1-h-projects/s1-h-projects-0795
      266  72088309 -rw-r-----   1 bacula   tape     107374159769 Jul 17  2019 /z0/proj/bacula/vols/s1-h-projects/s1-h-projects-0472
     1280  49052843 -rw-r-----   1 bacula   tape     107374159125 Jul 17  2019 /z0/proj/bacula/vols/s1-h-projects/s1-h-projects-0508
      267 104677629 -rw-r-----   1 bacula   tape     107374158192 Jul 17  2019 /z0/proj/bacula/vols/s1-h-projects/s1-h-projects-0478
      390  38491678 -rw-r-----   1 bacula   tape     107374159177 Jul 17  2019 /z0/proj/bacula/vols/s1-h-projects/s1-h-projects-0496
      646  82219614 -rw-r-----   1 bacula   tape     107374159231 Jul 17  2019 /z0/proj/bacula/vols/s1-h-projects/s1-h-projects-0502
      396 100423539 -rw-r-----   1 bacula   tape     107374158428 Jul 17  2019 /z0/proj/bacula/vols/s1-h-projects/s1-h-projects-0810
      518  68532010 -rw-r-----   1 bacula   tape     107374159467 Jul 17  2019 /z0/proj/bacula/vols/s1-h-projects/s1-h-projects-0485
      514 104062198 -rw-r-----   1 bacula   tape     107374158075 Jul 14  2019 /z0/proj/bacula/vols/s1-h-projects/s1-h-projects-0461
      513 103335237 -rw-r-----   1 bacula   tape     107374158101 Jul 14  2019 /z0/proj/bacula/vols/s1-h-projects/s1-h-projects-0459
      899  95612290 -rw-r-----   1 bacula   tape     107374158841 Jul 17  2019 /z0/proj/bacula/vols/s1-h-projects/s1-h-projects-0803
      258  77107427 -rw-r-----   1 bacula   tape     107374159081 Jul 14  2019 /z0/proj/bacula/vols/s1-h-projects/s1-h-projects-0453
      140  78799837 -rw-r-----   1 bacula   tape     107374158371 Jul 17  2019 /z0/proj/bacula/vols/s1-h-projects/s1-h-projects-0809
      386  96606838 -rw-r-----   1 bacula   tape     107374158205 Jul 14  2019 /z0/proj/bacula/vols/s1-h-projects/s1-h-projects-0457
       12  92710559 -rw-r-----   1 bacula   tape     107374158387 Jul 17  2019 /z0/proj/bacula/vols/s1-h-projects/s1-h-projects-0807
      263  87106916 -rw-r-----   1 bacula   tape     107374160087 Jul 16  2019 /z0/proj/bacula/vols/s1-h-projects/s1-h-projects-0465
      896  74825066 -rw-r-----   1 bacula   tape     107374159646 Jul 17  2019 /z0/proj/bacula/vols/s1-h-projects/s1-h-projects-0481
      144  19311004 -rw-r-----   1 bacula   tape     107374142807 Aug 16  2019 /z0/proj/bacula/vols/s1-h-projects/s1-h-projects-0814
       10  60732985 -rw-r-----   1 bacula   tape     107374159010 Jul 17  2019 /z0/proj/bacula/vols/s1-h-projects/s1-h-projects-0791
      392  62062230 -rw-r-----   1 bacula   tape     107374159526 Jul 17  2019 /z0/proj/bacula/vols/s1-h-projects/s1-h-projects-0506
      389  19794427 -rw-r-----   1 bacula   tape     107374159797 Jul 17  2019 /z0/proj/bacula/vols/s1-h-projects/s1-h-projects-0492
      272  68849124 -rw-r-----   1 bacula   tape     107374158723 Jul 17  2019 /z0/proj/bacula/vols/s1-h-projects/s1-h-projects-0498
      643 104120078 -rw-r-----   1 bacula   tape     107374158091 Jul 17  2019 /z0/proj/bacula/vols/s1-h-projects/s1-h-projects-0476
      644  32951694 -rw-r-----   1 bacula   tape     107374159222 Jul 17  2019 /z0/proj/bacula/vols/s1-h-projects/s1-h-projects-0495
      645  44635161 -rw-r-----   1 bacula   tape     107374157764 Jul 17  2019 /z0/proj/bacula/vols/s1-h-projects/s1-h-projects-0501
      265  74721703 -rw-r-----   1 bacula   tape     107374159632 Jul 16  2019 /z0/proj/bacula/vols/s1-h-projects/s1-h-projects-0471
     1408 100934631 -rw-r-----   1 bacula   tape     108261287685 Aug 24  2018 /z0/proj/bacula/vols/s1-h-projects/s1-h-projects-0602
      394 101967038 -rw-r-----   1 bacula   tape     107374160057 Jul 17  2019 /z0/proj/bacula/vols/s1-h-projects/s1-h-projects-0796
      256  91592348 -rw-r-----   1 bacula   tape     107374160081 Jul 14  2019 /z0/proj/bacula/vols/s1-h-projects/s1-h-projects-0449
      143  56870505 -rw-r-----   1 bacula   tape     107374158444 Jul 18  2019 /z0/proj/bacula/vols/s1-h-projects/s1-h-projects-0813
        6 101658172 -rw-r-----   1 bacula   tape     107374124662 Sep  6  2018 /z0/proj/bacula/vols/s1-h-projects/s1-h-projects-0630
      261  86220966 -rw-r-----   1 bacula   tape     107374159273 Jul 14  2019 /z0/proj/bacula/vols/s1-h-projects/s1-h-projects-0462
      388  73722767 -rw-r-----   1 bacula   tape     107374159538 Jul 17  2019 /z0/proj/bacula/vols/s1-h-projects/s1-h-projects-0486
      515  86505664 -rw-r-----   1 bacula   tape     107374159201 Jul 16  2019 /z0/proj/bacula/vols/s1-h-projects/s1-h-projects-0468
      384  82862969 -rw-r-----   1 bacula   tape     107374159255 Jul 14  2019 /z0/proj/bacula/vols/s1-h-projects/s1-h-projects-0450
      771 104683191 -rw-r-----   1 bacula   tape     107374158378 Jul 17  2019 /z0/proj/bacula/vols/s1-h-projects/s1-h-projects-0800
     1026 100528612 -rw-r-----   1 bacula   tape     107374158172 Sep  5  2018 /z0/proj/bacula/vols/s1-h-projects/s1-h-projects-0629
        9  75376982 -rw-r-----   1 bacula   tape     107374181125 Jun 26  2019 /z0/proj/bacula/vols/s1-h-projects/s1-h-projects-0714
      640 104469208 -rw-r-----   1 bacula   tape     107374158302 Jul 14  2019 /z0/proj/bacula/vols/s1-h-projects/s1-h-projects-0460
     1024  64129401 -rw-r-----   1 bacula   tape     107374159207 Jul 17  2019 /z0/proj/bacula/vols/s1-h-projects/s1-h-projects-0484
      276  51760980 -rw-r-----   1 bacula   tape     107374129851 Feb 26  2020 /z0/proj/bacula/vols/s1-h-projects/s1-h-projects-0510
      257  50357535 -rw-r-----   1 bacula   tape     107374159777 Jul 14  2019 /z0/proj/bacula/vols/s1-h-projects/s1-h-projects-0452
     1027  71786117 -rw-r-----   1 bacula   tape     107374159163 Jul 17  2019 /z0/proj/bacula/vols/s1-h-projects/s1-h-projects-0808
      260 104314304 -rw-r-----   1 bacula   tape     107374158022 Jul 14  2019 /z0/proj/bacula/vols/s1-h-projects/s1-h-projects-0458
      526 101769575 -rw-r-----   1 bacula   tape     107374158790 Jul 17  2019 /z0/proj/bacula/vols/s1-h-projects/s1-h-projects-0802
      647   6292466 -rw-r-----   1 bacula   tape       8904551586 May 11  2019 /z0/proj/bacula/vols/s1-h-projects/s1-h-projects-0707
      137  78311570 -rw-r-----   1 bacula   tape     107374158991 Jul 17  2019 /z0/proj/bacula/vols/s1-h-projects/s1-h-projects-0794
      130  89273263 -rw-r-----   1 bacula   tape     107374158689 Jul 17  2019 /z0/proj/bacula/vols/s1-h-projects/s1-h-projects-0479
      271  56073132 -rw-r-----   1 bacula   tape     107374158858 Jul 17  2019 /z0/proj/bacula/vols/s1-h-projects/s1-h-projects-0497
      274  84197344 -rw-r-----   1 bacula   tape     107374159181 Jul 17  2019 /z0/proj/bacula/vols/s1-h-projects/s1-h-projects-0503
      387  71427211 -rw-r-----   1 bacula   tape     107374159175 Jul 17  2019 /z0/proj/bacula/vols/s1-h-projects/s1-h-projects-0473
      520  58764422 -rw-r-----   1 bacula   tape     107374158485 Jul 17  2019 /z0/proj/bacula/vols/s1-h-projects/s1-h-projects-0509
      522 102089974 -rw-r-----   1 bacula   tape     107374142073 Sep 10  2018 /z0/proj/bacula/vols/s1-h-projects/s1-h-projects-0632
      133  19791518 -rw-r-----   1 bacula   tape     107374172714 Nov  1  2018 /z0/proj/bacula/vols/s1-h-projects/s1-h-projects-0645
      141  85853014 -rw-r-----   1 bacula   tape     107374158092 Jul 17  2019 /z0/proj/bacula/vols/s1-h-projects/s1-h-projects-0811
      770  40564013 -rw-r-----   1 bacula   tape      58909107902 Sep 14 02:52 /z0/proj/bacula/vols/s1-h-projects/s1-h-projects-0531
      277  18978665 -rw-r-----   1 bacula   tape     107374154534 Nov 30  2018 /z0/proj/bacula/vols/s1-h-projects/s1-h-projects-0648
      135  77865550 -rw-r-----   1 bacula   tape     107780177108 Jul 14  2019 /z0/proj/bacula/vols/s1-h-projects/s1-h-projects-0732
        7  24431335 -rw-r-----   1 bacula   tape     107374131303 Oct 30  2018 /z0/proj/bacula/vols/s1-h-projects/s1-h-projects-0642
      523  50008301 -rw-r-----   1 bacula   tape     107374143690 Oct 19  2018 /z0/proj/bacula/vols/s1-h-projects/s1-h-projects-0635
      131  89042424 -rw-r-----   1 bacula   tape     107374159161 Jul 17  2019 /z0/proj/bacula/vols/s1-h-projects/s1-h-projects-0504
      270  39543091 -rw-r-----   1 bacula   tape     107374159685 Jul 17  2019 /z0/proj/bacula/vols/s1-h-projects/s1-h-projects-0490
      516 101058143 -rw-r-----   1 bacula   tape     107374158201 Jul 17  2019 /z0/proj/bacula/vols/s1-h-projects/s1-h-projects-0474
      649 102952595 -rw-r-----   1 bacula   tape     107374158550 Jul 17  2019 /z0/proj/bacula/vols/s1-h-projects/s1-h-projects-0799
       11  73213929 -rw-r-----   1 bacula   tape     107374158822 Jul 17  2019 /z0/proj/bacula/vols/s1-h-projects/s1-h-projects-0793
      385  65738404 -rw-r-----   1 bacula   tape     107374159552 Jul 14  2019 /z0/proj/bacula/vols/s1-h-projects/s1-h-projects-0455
      139  92324200 -rw-r-----   1 bacula   tape     107374157361 Jul 17  2019 /z0/proj/bacula/vols/s1-h-projects/s1-h-projects-0805
      641  88812649 -rw-r-----   1 bacula   tape     107374159565 Jul 16  2019 /z0/proj/bacula/vols/s1-h-projects/s1-h-projects-0467
      898  84811904 -rw-r-----   1 bacula   tape     107374159679 Jul 17  2019 /z0/proj/bacula/vols/s1-h-projects/s1-h-projects-0489
      897  66384501 -rw-r-----   1 bacula   tape     107374159514 Jul 17  2019 /z0/proj/bacula/vols/s1-h-projects/s1-h-projects-0483
        4  75185154 -rw-r-----   1 bacula   tape     107374158546 Jul 17  2019 /z0/proj/bacula/vols/s1-h-projects/s1-h-projects-0487
      642  42238720 -rw-r-----   1 bacula   tape     107374160006 Jul 16  2019 /z0/proj/bacula/vols/s1-h-projects/s1-h-projects-0469
      262  57786681 -rw-r-----   1 bacula   tape     108237129962 Jul 16  2019 /z0/proj/bacula/vols/s1-h-projects/s1-h-projects-0463
      138  95478924 -rw-r-----   1 bacula   tape     107374158865 Jul 17  2019 /z0/proj/bacula/vols/s1-h-projects/s1-h-projects-0801
      129  76195023 -rw-r-----   1 bacula   tape     107374159522 Jul 14  2019 /z0/proj/bacula/vols/s1-h-projects/s1-h-projects-0451
      521 101252720 -rw-r-----   1 bacula   tape     107374175991 Sep  1  2018 /z0/proj/bacula/vols/s1-h-projects/s1-h-projects-0628
      264  72432069 -rw-r-----   1 bacula   tape     107374159096 Jul 16  2019 /z0/proj/bacula/vols/s1-h-projects/s1-h-projects-0470
        5  77134049 -rw-r-----   1 bacula   tape     107374159049 Jul 17  2019 /z0/proj/bacula/vols/s1-h-projects/s1-h-projects-0494
      273  54069819 -rw-r-----   1 bacula   tape     107374158499 Jul 17  2019 /z0/proj/bacula/vols/s1-h-projects/s1-h-projects-0500
      525 102119209 -rw-r-----   1 bacula   tape     107374159601 Jul 17  2019 /z0/proj/bacula/vols/s1-h-projects/s1-h-projects-0797
        8  28830075 -rw-r-----   1 bacula   tape     107374118676 May  7  2019 /z0/proj/bacula/vols/s1-h-projects/s1-h-projects-0674
      128  92189516 -rw-r-----   1 bacula   tape     107374160082 Jul 14  2019 /z0/proj/bacula/vols/s1-h-projects/s1-h-projects-0448
      142  69987699 -rw-r-----   1 bacula   tape     107374159071 Jul 17  2019 /z0/proj/bacula/vols/s1-h-projects/s1-h-projects-0812
      134  25066442 -rw-r-----   1 bacula   tape     107374140529 Nov 10  2018 /z0/proj/bacula/vols/s1-h-projects/s1-h-projects-0646
     1281 101961044 -rw-r-----   1 bacula   tape     107374173849 Sep  7  2018 /z0/proj/bacula/vols/s1-h-projects/s1-h-projects-0631
      391  43998336 -rw-r-----   1 bacula   tape     107374158823 Jul 17  2019 /z0/proj/bacula/vols/s1-h-projects/s1-h-projects-0499
      769 103784661 -rw-r-----   1 bacula   tape     107374158218 Jul 17  2019 /z0/proj/bacula/vols/s1-h-projects/s1-h-projects-0477
      519  82885011 -rw-r-----   1 bacula   tape     107374158454 Jul 17  2019 /z0/proj/bacula/vols/s1-h-projects/s1-h-projects-0507
     1025  19510793 -rw-r-----   1 bacula   tape     107374159791 Jul 17  2019 /z0/proj/bacula/vols/s1-h-projects/s1-h-projects-0493
      395  56377443 -rw-r-----   1 bacula   tape     107374159185 Jul 17  2019 /z0/proj/bacula/vols/s1-h-projects/s1-h-projects-0806
      259  83363519 -rw-r-----   1 bacula   tape     107374158842 Jul 14  2019 /z0/proj/bacula/vols/s1-h-projects/s1-h-projects-0456
      268  64646560 -rw-r-----   1 bacula   tape     107374158464 Jul 17  2019 /z0/proj/bacula/vols/s1-h-projects/s1-h-projects-0480
      768  93331959 -rw-r-----   1 bacula   tape     107374160030 Jul 16  2019 /z0/proj/bacula/vols/s1-h-projects/s1-h-projects-0464
       34         1 drwxr-xr-x   2 bacula   root                3 Feb 13  2020 /z0/proj/bacula/vols/yolo-e-proj
        2        57 -rw-r-----   1 bacula   tape           150523 Sep 14 01:11 /z0/proj/bacula/vols/yolo-e-proj/yolo-e-proj-0947
       34        17 drwxr-x---   2 bacula   tape               68 Jan 30  2020 /z0/proj/bacula/vols/s1-f-projects
      260  64174901 -rw-r-----   1 bacula   tape     107374158187 Jul 12  2019 /z0/proj/bacula/vols/s1-f-projects/s1-f-projects-0364
      137 101885470 -rw-r-----   1 bacula   tape     107374129039 Jan 30  2020 /z0/proj/bacula/vols/s1-f-projects/s1-f-projects-0945
      129  97891934 -rw-r-----   1 bacula   tape     107374151775 Jul 12  2019 /z0/proj/bacula/vols/s1-f-projects/s1-f-projects-0356
      390 100211938 -rw-r-----   1 bacula   tape     107374122573 Oct 21  2019 /z0/proj/bacula/vols/s1-f-projects/s1-f-projects-0377
      132  91555975 -rw-r-----   1 bacula   tape     107374131776 Nov  9  2019 /z0/proj/bacula/vols/s1-f-projects/s1-f-projects-0637
        3  44777214 -rw-r-----   1 bacula   tape     107374144775 Nov 11  2019 /z0/proj/bacula/vols/s1-f-projects/s1-f-projects-0640
      519  75062378 -rw-r-----   1 bacula   tape     107374129926 Apr 29  2019 /z0/proj/bacula/vols/s1-f-projects/s1-f-projects-0705
      267  90766835 -rw-r-----   1 bacula   tape     107374146336 Apr  8  2019 /z0/proj/bacula/vols/s1-f-projects/s1-f-projects-0691
        2  63662306 -rw-r-----   1 bacula   tape     107374159737 Jul 11  2019 /z0/proj/bacula/vols/s1-f-projects/s1-f-projects-0348
      642  40809693 -rw-r-----   1 bacula   tape     107374159191 Jul 12  2019 /z0/proj/bacula/vols/s1-f-projects/s1-f-projects-0737
      521 102171814 -rw-r-----   1 bacula   tape     107374158028 Jul 12  2019 /z0/proj/bacula/vols/s1-f-projects/s1-f-projects-0740
      388  81094442 -rw-r-----   1 bacula   tape     107374159077 Jul 12  2019 /z0/proj/bacula/vols/s1-f-projects/s1-f-projects-0370
      265  98712907 -rw-r-----   1 bacula   tape     107374132208 Dec 16  2019 /z0/proj/bacula/vols/s1-f-projects/s1-f-projects-0647
       11 102924151 -rw-r-----   1 bacula   tape     107374131862 Jul 29  2019 /z0/proj/bacula/vols/s1-f-projects/s1-f-projects-0819
      135  95996906 -rw-r-----   1 bacula   tape     107374135105 Jun  3  2019 /z0/proj/bacula/vols/s1-f-projects/s1-f-projects-0716
      384  34065885 -rw-r-----   1 bacula   tape     107374159175 Jul 12  2019 /z0/proj/bacula/vols/s1-f-projects/s1-f-projects-0351
      270 103638085 -rw-r-----   1 bacula   tape     107374166569 Aug 19  2019 /z0/proj/bacula/vols/s1-f-projects/s1-f-projects-0832
      517  88665673 -rw-r-----   1 bacula   tape     107374158416 Jul 12  2019 /z0/proj/bacula/vols/s1-f-projects/s1-f-projects-0369
      386  84073857 -rw-r-----   1 bacula   tape     107374158495 Jul 12  2019 /z0/proj/bacula/vols/s1-f-projects/s1-f-projects-0363
      261 103901419 -rw-r-----   1 bacula   tape     107374159308 Jul 12  2019 /z0/proj/bacula/vols/s1-f-projects/s1-f-projects-0367
      258  69861989 -rw-r-----   1 bacula   tape     107374159588 Jul 12  2019 /z0/proj/bacula/vols/s1-f-projects/s1-f-projects-0355
      271 103446424 -rw-r-----   1 bacula   tape     107374138519 Sep  2  2019 /z0/proj/bacula/vols/s1-f-projects/s1-f-projects-0836
       13  83110191 -rw-r-----   1 bacula   tape     107374159931 May 19 02:14 /z0/proj/bacula/vols/s1-f-projects/s1-f-projects-0946
      769  42739214 -rw-r-----   1 bacula   tape     107374159531 Jul 12  2019 /z0/proj/bacula/vols/s1-f-projects/s1-f-projects-0739
        4  89067496 -rw-r-----   1 bacula   tape     107374138476 Nov 23  2019 /z0/proj/bacula/vols/s1-f-projects/s1-f-projects-0643
      263 103907757 -rw-r-----   1 bacula   tape     107374160094 Jul 12  2019 /z0/proj/bacula/vols/s1-f-projects/s1-f-projects-0374
      269  85922178 -rw-r-----   1 bacula   tape     107374127643 Jul 11  2019 /z0/proj/bacula/vols/s1-f-projects/s1-f-projects-0733
      391 103224345 -rw-r-----   1 bacula   tape     107374161280 Jan  8  2020 /z0/proj/bacula/vols/s1-f-projects/s1-f-projects-0649
        6  92712277 -rw-r-----   1 bacula   tape     107374149467 Apr 12  2019 /z0/proj/bacula/vols/s1-f-projects/s1-f-projects-0701
      136 102020458 -rw-r-----   1 bacula   tape     107374169969 Aug 13  2019 /z0/proj/bacula/vols/s1-f-projects/s1-f-projects-0822
      641  71249649 -rw-r-----   1 bacula   tape      75163644829 May 13  2019 /z0/proj/bacula/vols/s1-f-projects/s1-f-projects-0706
      896 103498645 -rw-r-----   1 bacula   tape     107374122946 Oct 30  2019 /z0/proj/bacula/vols/s1-f-projects/s1-f-projects-0633
      262 103690210 -rw-r-----   1 bacula   tape     107374160097 Jul 12  2019 /z0/proj/bacula/vols/s1-f-projects/s1-f-projects-0373
      392 103915230 -rw-r-----   1 bacula   tape     107374160102 Jul 12  2019 /z0/proj/bacula/vols/s1-f-projects/s1-f-projects-0734
      512  89380829 -rw-r-----   1 bacula   tape     107374159052 Jul 12  2019 /z0/proj/bacula/vols/s1-f-projects/s1-f-projects-0352
      514 104120965 -rw-r-----   1 bacula   tape     107374157901 Jul 12  2019 /z0/proj/bacula/vols/s1-f-projects/s1-f-projects-0358
      259  34812099 -rw-r-----   1 bacula   tape     107374159297 Jul 12  2019 /z0/proj/bacula/vols/s1-f-projects/s1-f-projects-0360
      256  87549148 -rw-r-----   1 bacula   tape     107374158466 Jul 12  2019 /z0/proj/bacula/vols/s1-f-projects/s1-f-projects-0350
      266  39908901 -rw-r-----   1 bacula   tape      52145793117 Sep 14 02:32 /z0/proj/bacula/vols/s1-f-projects/s1-f-projects-0683
      516  60212926 -rw-r-----   1 bacula   tape     107374159687 Jul 12  2019 /z0/proj/bacula/vols/s1-f-projects/s1-f-projects-0362
      387  95711313 -rw-r-----   1 bacula   tape     107374159537 Jul 12  2019 /z0/proj/bacula/vols/s1-f-projects/s1-f-projects-0368
      128 102239148 -rw-r-----   1 bacula   tape     107374157197 Jul 12  2019 /z0/proj/bacula/vols/s1-f-projects/s1-f-projects-0349
      518  59380931 -rw-r-----   1 bacula   tape     107374159356 Jul 12  2019 /z0/proj/bacula/vols/s1-f-projects/s1-f-projects-0371
      897  99004374 -rw-r-----   1 bacula   tape     107421845690 Jul 22  2019 /z0/proj/bacula/vols/s1-f-projects/s1-f-projects-0741
      520  28268000 -rw-r-----   1 bacula   tape     107374159385 Jul 12  2019 /z0/proj/bacula/vols/s1-f-projects/s1-f-projects-0736
      133  46968944 -rw-r-----   1 bacula   tape     107374156788 Nov 15  2019 /z0/proj/bacula/vols/s1-f-projects/s1-f-projects-0641
      264 103907286 -rw-r-----   1 bacula   tape     107374160097 Jul 12  2019 /z0/proj/bacula/vols/s1-f-projects/s1-f-projects-0376
        7  88524483 -rw-r-----   1 bacula   tape     107374128456 Apr 23  2019 /z0/proj/bacula/vols/s1-f-projects/s1-f-projects-0703
      768  69141973 -rw-r-----   1 bacula   tape     107374158599 Jul 12  2019 /z0/proj/bacula/vols/s1-f-projects/s1-f-projects-0365
        5  43413539 -rw-r-----   1 bacula   tape     107374159329 May 21 02:30 /z0/proj/bacula/vols/s1-f-projects/s1-f-projects-0652
        9 102725361 -rw-r-----   1 bacula   tape     107374180073 Jul  1  2019 /z0/proj/bacula/vols/s1-f-projects/s1-f-projects-0728
      640 100652771 -rw-r-----   1 bacula   tape     107374158215 Jul 12  2019 /z0/proj/bacula/vols/s1-f-projects/s1-f-projects-0357
        8  86781267 -rw-r-----   1 bacula   tape     107374139415 May 25  2019 /z0/proj/bacula/vols/s1-f-projects/s1-f-projects-0710
      385  65229766 -rw-r-----   1 bacula   tape     107374158955 Jul 12  2019 /z0/proj/bacula/vols/s1-f-projects/s1-f-projects-0359
      513  62042913 -rw-r-----   1 bacula   tape     107374157810 Jul 12  2019 /z0/proj/bacula/vols/s1-f-projects/s1-f-projects-0353
      515  89572946 -rw-r-----   1 bacula   tape     107374158592 Jul 12  2019 /z0/proj/bacula/vols/s1-f-projects/s1-f-projects-0361
      134  30912136 -rw-r-----   1 bacula   tape     107374170933 Jun 19 01:38 /z0/proj/bacula/vols/s1-f-projects/s1-f-projects-0677
      393  51697426 -rw-r-----   1 bacula   tape     107374159459 Jul 12  2019 /z0/proj/bacula/vols/s1-f-projects/s1-f-projects-0735
      131  87381248 -rw-r-----   1 bacula   tape     107374159312 Jul 12  2019 /z0/proj/bacula/vols/s1-f-projects/s1-f-projects-0372
      389 103911250 -rw-r-----   1 bacula   tape     107374160097 Jul 12  2019 /z0/proj/bacula/vols/s1-f-projects/s1-f-projects-0375
       10  29608458 -rw-r-----   1 bacula   tape     107374159442 Jul 12  2019 /z0/proj/bacula/vols/s1-f-projects/s1-f-projects-0738
       12  99031915 -rw-r-----   1 bacula   tape     107374154701 Dec  2  2019 /z0/proj/bacula/vols/s1-f-projects/s1-f-projects-0929
      130  98965460 -rw-r-----   1 bacula   tape     107374159418 Jul 12  2019 /z0/proj/bacula/vols/s1-f-projects/s1-f-projects-0366
      268  89659277 -rw-r-----   1 bacula   tape     107374143774 Jun 17  2019 /z0/proj/bacula/vols/s1-f-projects/s1-f-projects-0719
      257  91669217 -rw-r-----   1 bacula   tape     107374159227 Jul 12  2019 /z0/proj/bacula/vols/s1-f-projects/s1-f-projects-0354
      394 103159752 -rw-r-----   1 bacula   tape     107374163768 Sep 16  2019 /z0/proj/bacula/vols/s1-f-projects/s1-f-projects-0840
       34        17 drwxr-xr-x   2 bacula   tape               74 Nov 22  2019 /z0/proj/bacula/vols/dp2-d-projects
      516  74998824 -rw-r--r--   1 bacula   tape     107374159305 Nov 20  2019 /z0/proj/bacula/vols/dp2-d-projects/dp2-d-projects-0563
      896  66961824 -rw-r--r--   1 bacula   tape     107374159774 Nov 21  2019 /z0/proj/bacula/vols/dp2-d-projects/dp2-d-projects-0569
      643  37089657 -rw-r--r--   1 bacula   tape     107374160076 Nov 21  2019 /z0/proj/bacula/vols/dp2-d-projects/dp2-d-projects-0587
      133  33891551 -rw-r--r--   1 bacula   tape     107374159838 Nov 20  2019 /z0/proj/bacula/vols/dp2-d-projects/dp2-d-projects-0551
      273  15586972 -rw-r--r--   1 bacula   tape     107374159785 Nov 21  2019 /z0/proj/bacula/vols/dp2-d-projects/dp2-d-projects-0594
      134  58792402 -rw-r--r--   1 bacula   tape     107374159702 Nov 21  2019 /z0/proj/bacula/vols/dp2-d-projects/dp2-d-projects-0570
      512  63764750 -rw-r--r--   1 bacula   tape     107374159753 Nov 20  2019 /z0/proj/bacula/vols/dp2-d-projects/dp2-d-projects-0548
      256  69052749 -rw-r--r--   1 bacula   tape     107374160018 Nov 20  2019 /z0/proj/bacula/vols/dp2-d-projects/dp2-d-projects-0542
      130  55238236 -rw-r--r--   1 bacula   tape     107374160103 Nov 20  2019 /z0/proj/bacula/vols/dp2-d-projects/dp2-d-projects-0545
      525  54678480 -rw-r--r--   1 bacula   tape     107374160103 Nov 22  2019 /z0/proj/bacula/vols/dp2-d-projects/dp2-d-projects-0927
      142  22577459 -rw-r--r--   1 bacula   tape     107374159700 Nov 21  2019 /z0/proj/bacula/vols/dp2-d-projects/dp2-d-projects-0593
     1152  78142335 -rw-r--r--   1 bacula   tape     107374159584 Nov 21  2019 /z0/proj/bacula/vols/dp2-d-projects/dp2-d-projects-0577
      276  15928303 -rw-r--r--   1 bacula   tape     107374160103 Nov 21  2019 /z0/proj/bacula/vols/dp2-d-projects/dp2-d-projects-0599
      261  20687650 -rw-r--r--   1 bacula   tape     107374160068 Nov 20  2019 /z0/proj/bacula/vols/dp2-d-projects/dp2-d-projects-0556
      266  86927572 -rw-r--r--   1 bacula   tape     107374159402 Nov 20  2019 /z0/proj/bacula/vols/dp2-d-projects/dp2-d-projects-0564
      138  44185201 -rw-r--r--   1 bacula   tape     107374159602 Nov 21  2019 /z0/proj/bacula/vols/dp2-d-projects/dp2-d-projects-0580
      270  19397375 -rw-r--r--   1 bacula   tape     107374159794 Nov 21  2019 /z0/proj/bacula/vols/dp2-d-projects/dp2-d-projects-0584
      264  37309082 -rw-r--r--   1 bacula   tape     107374159584 Nov 20  2019 /z0/proj/bacula/vols/dp2-d-projects/dp2-d-projects-0560
      262   8585241 -rw-r--r--   1 bacula   tape     107374160103 Nov 20  2019 /z0/proj/bacula/vols/dp2-d-projects/dp2-d-projects-0558
      258  80102371 -rw-r--r--   1 bacula   tape     107374160095 Nov 20  2019 /z0/proj/bacula/vols/dp2-d-projects/dp2-d-projects-0552
      518  86695926 -rw-r--r--   1 bacula   tape     107374159752 Nov 21  2019 /z0/proj/bacula/vols/dp2-d-projects/dp2-d-projects-0573
      521  19124115 -rw-r--r--   1 bacula   tape     107374159989 Nov 21  2019 /z0/proj/bacula/vols/dp2-d-projects/dp2-d-projects-0597
      144  66142769 -rw-r--r--   1 bacula   tape     107374160058 Nov 22  2019 /z0/proj/bacula/vols/dp2-d-projects/dp2-d-projects-0923
      137  94160661 -rw-r--r--   1 bacula   tape     107374159493 Nov 21  2019 /z0/proj/bacula/vols/dp2-d-projects/dp2-d-projects-0579
      128  66101074 -rw-r--r--   1 bacula   tape     107374160057 Nov 20  2019 /z0/proj/bacula/vols/dp2-d-projects/dp2-d-projects-0541
      384  60656188 -rw-r--r--   1 bacula   tape     107374160093 Nov 20  2019 /z0/proj/bacula/vols/dp2-d-projects/dp2-d-projects-0546
     1024  86841264 -rw-r--r--   1 bacula   tape     107374159898 Nov 21  2019 /z0/proj/bacula/vols/dp2-d-projects/dp2-d-projects-0574
      278  67670244 -rw-r--r--   1 bacula   tape     107374160026 Nov 22  2019 /z0/proj/bacula/vols/dp2-d-projects/dp2-d-projects-0924
      520  30445752 -rw-r--r--   1 bacula   tape     107374159497 Nov 21  2019 /z0/proj/bacula/vols/dp2-d-projects/dp2-d-projects-0590
      277  42652491 -rw-r--r--   1 bacula   tape     107374159797 Nov 22  2019 /z0/proj/bacula/vols/dp2-d-projects/dp2-d-projects-0600
      260  77598883 -rw-r--r--   1 bacula   tape     107374160103 Nov 20  2019 /z0/proj/bacula/vols/dp2-d-projects/dp2-d-projects-0555
      519  23059803 -rw-r--r--   1 bacula   tape     107374159553 Nov 21  2019 /z0/proj/bacula/vols/dp2-d-projects/dp2-d-projects-0583
      769  41690096 -rw-r--r--   1 bacula   tape     107374159337 Nov 21  2019 /z0/proj/bacula/vols/dp2-d-projects/dp2-d-projects-0589
      768  61675384 -rw-r--r--   1 bacula   tape     107374159531 Nov 21  2019 /z0/proj/bacula/vols/dp2-d-projects/dp2-d-projects-0567
      640   8578327 -rw-r--r--   1 bacula   tape     107374160103 Nov 20  2019 /z0/proj/bacula/vols/dp2-d-projects/dp2-d-projects-0557
      897  21733468 -rw-r--r--   1 bacula   tape     107374159951 Nov 21  2019 /z0/proj/bacula/vols/dp2-d-projects/dp2-d-projects-0581
      517  75363012 -rw-r--r--   1 bacula   tape     107374159753 Nov 21  2019 /z0/proj/bacula/vols/dp2-d-projects/dp2-d-projects-0565
        3  66713995 -rw-r--r--   1 bacula   tape     107374122094 Nov 20  2019 /z0/proj/bacula/vols/dp2-d-projects/dp2-d-projects-0533
      257  59348475 -rw-r--r--   1 bacula   tape     107374160077 Nov 20  2019 /z0/proj/bacula/vols/dp2-d-projects/dp2-d-projects-0544
      268  89689168 -rw-r--r--   1 bacula   tape     107374159451 Nov 21  2019 /z0/proj/bacula/vols/dp2-d-projects/dp2-d-projects-0576
      522  36546388 -rw-r--r--   1 bacula   tape     107374160004 Nov 21  2019 /z0/proj/bacula/vols/dp2-d-projects/dp2-d-projects-0598
      524  59412756 -rw-r--r--   1 bacula   tape     107374160079 Nov 22  2019 /z0/proj/bacula/vols/dp2-d-projects/dp2-d-projects-0926
      272  18262533 -rw-r--r--   1 bacula   tape     107374159682 Nov 21  2019 /z0/proj/bacula/vols/dp2-d-projects/dp2-d-projects-0592
      642  51749159 -rw-r--r--   1 bacula   tape     107374159823 Nov 21  2019 /z0/proj/bacula/vols/dp2-d-projects/dp2-d-projects-0571
      274  18082429 -rw-r--r--   1 bacula   tape     107374159767 Nov 21  2019 /z0/proj/bacula/vols/dp2-d-projects/dp2-d-projects-0595
        5  52275277 -rw-r--r--   1 bacula   tape     107374144753 Nov 22  2019 /z0/proj/bacula/vols/dp2-d-projects/dp2-d-projects-0921
      129  58392145 -rw-r--r--   1 bacula   tape     107374160056 Nov 20  2019 /z0/proj/bacula/vols/dp2-d-projects/dp2-d-projects-0543
      132  45135840 -rw-r--r--   1 bacula   tape     107374160009 Nov 20  2019 /z0/proj/bacula/vols/dp2-d-projects/dp2-d-projects-0549
      267  90970116 -rw-r--r--   1 bacula   tape     107374159699 Nov 21  2019 /z0/proj/bacula/vols/dp2-d-projects/dp2-d-projects-0568
      271  19056533 -rw-r--r--   1 bacula   tape     107374159974 Nov 21  2019 /z0/proj/bacula/vols/dp2-d-projects/dp2-d-projects-0586
      515  59961108 -rw-r--r--   1 bacula   tape     107374159817 Nov 20  2019 /z0/proj/bacula/vols/dp2-d-projects/dp2-d-projects-0562
      513  56620206 -rw-r--r--   1 bacula   tape     107374159949 Nov 20  2019 /z0/proj/bacula/vols/dp2-d-projects/dp2-d-projects-0550
      259  82227910 -rw-r--r--   1 bacula   tape     107374160063 Nov 20  2019 /z0/proj/bacula/vols/dp2-d-projects/dp2-d-projects-0554
      141  14770442 -rw-r--r--   1 bacula   tape     107374160103 Nov 21  2019 /z0/proj/bacula/vols/dp2-d-projects/dp2-d-projects-0588
      641  85951765 -rw-r--r--   1 bacula   tape     107374159798 Nov 21  2019 /z0/proj/bacula/vols/dp2-d-projects/dp2-d-projects-0566
      139  10793714 -rw-r--r--   1 bacula   tape     107374159786 Nov 21  2019 /z0/proj/bacula/vols/dp2-d-projects/dp2-d-projects-0582
      131  61712244 -rw-r--r--   1 bacula   tape     107374159821 Nov 20  2019 /z0/proj/bacula/vols/dp2-d-projects/dp2-d-projects-0547
        2  49506359 -rw-r--r--   1 bacula   tape      60837435848 May 13  2019 /z0/proj/bacula/vols/dp2-d-projects/dp2-d-projects-0644
      385  58364237 -rw-r--r--   1 bacula   tape     107374160056 Nov 22  2019 /z0/proj/bacula/vols/dp2-d-projects/dp2-d-projects-0925
     1025  19417356 -rw-r--r--   1 bacula   tape     107374159744 Nov 21  2019 /z0/proj/bacula/vols/dp2-d-projects/dp2-d-projects-0591
      136  68545588 -rw-r--r--   1 bacula   tape     107374159274 Nov 21  2019 /z0/proj/bacula/vols/dp2-d-projects/dp2-d-projects-0575
      523  28050709 -rw-r--r--   1 bacula   tape     107374159649 Nov 22  2019 /z0/proj/bacula/vols/dp2-d-projects/dp2-d-projects-0601
      275  20501169 -rw-r--r--   1 bacula   tape     107374159701 Nov 21  2019 /z0/proj/bacula/vols/dp2-d-projects/dp2-d-projects-0596
      143  50845922 -rw-r--r--   1 bacula   tape      91224901002 Sep 10 02:01 /z0/proj/bacula/vols/dp2-d-projects/dp2-d-projects-0922
      269  76336908 -rw-r--r--   1 bacula   tape     107374159875 Nov 21  2019 /z0/proj/bacula/vols/dp2-d-projects/dp2-d-projects-0578
      145  23957382 -rw-r--r--   1 bacula   tape      43464766693 Nov 22  2019 /z0/proj/bacula/vols/dp2-d-projects/dp2-d-projects-0928
      135  77182809 -rw-r--r--   1 bacula   tape     107374159886 Nov 21  2019 /z0/proj/bacula/vols/dp2-d-projects/dp2-d-projects-0572
        4  76293471 -rw-r--r--   1 bacula   tape     107374149512 Nov 19  2019 /z0/proj/bacula/vols/dp2-d-projects/dp2-d-projects-0712
      265  68529588 -rw-r--r--   1 bacula   tape     107374159052 Nov 20  2019 /z0/proj/bacula/vols/dp2-d-projects/dp2-d-projects-0561
      140  25623122 -rw-r--r--   1 bacula   tape     107374159676 Nov 21  2019 /z0/proj/bacula/vols/dp2-d-projects/dp2-d-projects-0585
      514  77656682 -rw-r--r--   1 bacula   tape     107374160103 Nov 20  2019 /z0/proj/bacula/vols/dp2-d-projects/dp2-d-projects-0553
      263   8587454 -rw-r--r--   1 bacula   tape     107374160092 Nov 20  2019 /z0/proj/bacula/vols/dp2-d-projects/dp2-d-projects-0559
       34        17 drwxr-xr-x   2 bacula   tape               13 May 28 19:39 /z0/proj/bacula/vols/hydro-e-home
        3 100898834 -rw-r-----   1 bacula   tape     107374160068 May 28 13:30 /z0/proj/bacula/vols/hydro-e-home/hydro-e-home-0958
      132 101312166 -rw-r-----   1 bacula   tape     107374160004 May 28 14:19 /z0/proj/bacula/vols/hydro-e-home/hydro-e-home-0960
      129 101093045 -rw-r-----   1 bacula   tape     107374160063 May 28 12:36 /z0/proj/bacula/vols/hydro-e-home/hydro-e-home-0955
        4  49507374 -rw-r-----   1 bacula   tape      58940898175 Sep 14 03:13 /z0/proj/bacula/vols/hydro-e-home/hydro-e-home-0963
      256 102400191 -rw-r-----   1 bacula   tape     107374160083 May 28 12:53 /z0/proj/bacula/vols/hydro-e-home/hydro-e-home-0956
      128 101896108 -rw-r-----   1 bacula   tape     107374160087 May 28 12:18 /z0/proj/bacula/vols/hydro-e-home/hydro-e-home-0954
        2 101512363 -rw-r-----   1 bacula   tape     107374160087 May 28 12:00 /z0/proj/bacula/vols/hydro-e-home/hydro-e-home-0953
      131 100990936 -rw-r-----   1 bacula   tape     107374159982 May 28 13:58 /z0/proj/bacula/vols/hydro-e-home/hydro-e-home-0959
      384 101384687 -rw-r-----   1 bacula   tape     107374160005 May 28 14:41 /z0/proj/bacula/vols/hydro-e-home/hydro-e-home-0961
      130 101648661 -rw-r-----   1 bacula   tape     107374160096 May 28 13:11 /z0/proj/bacula/vols/hydro-e-home/hydro-e-home-0957
      512  80683012 -rw-r-----   1 bacula   tape     107374157168 May 28 19:39 /z0/proj/bacula/vols/hydro-e-home/hydro-e-home-0962
       34        17 drwxr-x---   2 bacula   tape               83 May 15  2019 /z0/proj/bacula/vols/s1-e-shares
      641  76779340 -rw-r-----   1 bacula   tape     107374158857 Jul 18  2019 /z0/proj/bacula/vols/s1-e-shares/s1-e-shares-0280
      517  24606795 -rw-r-----   1 bacula   tape     107374159598 Jul 19  2019 /z0/proj/bacula/vols/s1-e-shares/s1-e-shares-0314
      901  42048546 -rw-r-----   1 bacula   tape     107374159521 Jul 19  2019 /z0/proj/bacula/vols/s1-e-shares/s1-e-shares-0326
      772  58023330 -rw-r-----   1 bacula   tape     107374158302 Jul 18  2019 /z0/proj/bacula/vols/s1-e-shares/s1-e-shares-0293
        7  79157431 -rw-r-----   1 bacula   tape     107374159978 Jul 19  2019 /z0/proj/bacula/vols/s1-e-shares/s1-e-shares-0307
      129  69984965 -rw-r-----   1 bacula   tape     107374158441 Jul 18  2019 /z0/proj/bacula/vols/s1-e-shares/s1-e-shares-0277
        6  57922692 -rw-r-----   1 bacula   tape     107374158382 Jul 18  2019 /z0/proj/bacula/vols/s1-e-shares/s1-e-shares-0299
     1281  90710146 -rw-r-----   1 bacula   tape     107374118743 Jan  8  2019 /z0/proj/bacula/vols/s1-e-shares/s1-e-shares-0342
      519  75562977 -rw-r-----   1 bacula   tape     107374158577 Jul 19  2019 /z0/proj/bacula/vols/s1-e-shares/s1-e-shares-0335
        9  33841504 -rw-r-----   1 bacula   tape     107374159609 Jul 19  2019 /z0/proj/bacula/vols/s1-e-shares/s1-e-shares-0332
      902  68477375 -rw-r-----   1 bacula   tape     107374158591 Jul 19  2019 /z0/proj/bacula/vols/s1-e-shares/s1-e-shares-0338
      387  90130401 -rw-r-----   1 bacula   tape     107374158108 Jul 18  2019 /z0/proj/bacula/vols/s1-e-shares/s1-e-shares-0300
      642  61938966 -rw-r-----   1 bacula   tape     107374158290 Jul 18  2019 /z0/proj/bacula/vols/s1-e-shares/s1-e-shares-0294
      384  76012273 -rw-r-----   1 bacula   tape     107374158845 Jul 18  2019 /z0/proj/bacula/vols/s1-e-shares/s1-e-shares-0270
      518  55884237 -rw-r-----   1 bacula   tape     107374158260 Jul 19  2019 /z0/proj/bacula/vols/s1-e-shares/s1-e-shares-0321
      133 102892270 -rw-r-----   1 bacula   tape     107374157676 Jul 19  2019 /z0/proj/bacula/vols/s1-e-shares/s1-e-shares-0319
       11  21157735 -rw-r-----   1 bacula   tape      29240041348 May 11  2019 /z0/proj/bacula/vols/s1-e-shares/s1-e-shares-0653
      257  77831048 -rw-r-----   1 bacula   tape     107374159043 Jul 18  2019 /z0/proj/bacula/vols/s1-e-shares/s1-e-shares-0269
     1153  37695513 -rw-r-----   1 bacula   tape     107374159587 Jul 19  2019 /z0/proj/bacula/vols/s1-e-shares/s1-e-shares-0313
      771  52504205 -rw-r-----   1 bacula   tape     107374158372 Jul 18  2019 /z0/proj/bacula/vols/s1-e-shares/s1-e-shares-0287
        5  78641463 -rw-r-----   1 bacula   tape     107374158581 Jul 18  2019 /z0/proj/bacula/vols/s1-e-shares/s1-e-shares-0283
     1280 103231266 -rw-r-----   1 bacula   tape     107374157777 Jul 19  2019 /z0/proj/bacula/vols/s1-e-shares/s1-e-shares-0317
     1025  79560133 -rw-r-----   1 bacula   tape     107374158698 Jul 18  2019 /z0/proj/bacula/vols/s1-e-shares/s1-e-shares-0289
      256  52451097 -rw-r-----   1 bacula   tape     107374158481 Jul 18  2019 /z0/proj/bacula/vols/s1-e-shares/s1-e-shares-0267
      134  29935570 -rw-r-----   1 bacula   tape     107374159767 Jul 19  2019 /z0/proj/bacula/vols/s1-e-shares/s1-e-shares-0325
      640  75537577 -rw-r-----   1 bacula   tape     107374158784 Jul 18  2019 /z0/proj/bacula/vols/s1-e-shares/s1-e-shares-0274
     1152  78814574 -rw-r-----   1 bacula   tape     107374158491 Jul 18  2019 /z0/proj/bacula/vols/s1-e-shares/s1-e-shares-0290
     1028 102649219 -rw-r-----   1 bacula   tape     107374159484 Jul 18  2019 /z0/proj/bacula/vols/s1-e-shares/s1-e-shares-0304
        2 104753930 -rw-r-----   1 bacula   tape     107374158304 Jul 18  2019 /z0/proj/bacula/vols/s1-e-shares/s1-e-shares-0007
     1409  72872023 -rw-r-----   1 bacula   tape     107374158791 Jul 19  2019 /z0/proj/bacula/vols/s1-e-shares/s1-e-shares-0336
     1158  34028321 -rw-r-----   1 bacula   tape      56571733766 Sep 14 01:29 /z0/proj/bacula/vols/s1-e-shares/s1-e-shares-0341
      391  53235922 -rw-r-----   1 bacula   tape     107374159935 Jul 19  2019 /z0/proj/bacula/vols/s1-e-shares/s1-e-shares-0331
      643  69237232 -rw-r-----   1 bacula   tape     107374159038 Jul 19  2019 /z0/proj/bacula/vols/s1-e-shares/s1-e-shares-0309
      512  60355842 -rw-r-----   1 bacula   tape     107374158329 Jul 18  2019 /z0/proj/bacula/vols/s1-e-shares/s1-e-shares-0273
      262 103255627 -rw-r-----   1 bacula   tape     107374159482 Jul 18  2019 /z0/proj/bacula/vols/s1-e-shares/s1-e-shares-0303
     1027  64435782 -rw-r-----   1 bacula   tape     107374158465 Jul 18  2019 /z0/proj/bacula/vols/s1-e-shares/s1-e-shares-0297
      386  66732968 -rw-r-----   1 bacula   tape     107374158544 Jul 18  2019 /z0/proj/bacula/vols/s1-e-shares/s1-e-shares-0279
     1408  46625991 -rw-r-----   1 bacula   tape     107374158449 Jul 19  2019 /z0/proj/bacula/vols/s1-e-shares/s1-e-shares-0322
     1156  78482786 -rw-r-----   1 bacula   tape     107374159380 Jul 19  2019 /z0/proj/bacula/vols/s1-e-shares/s1-e-shares-0328
      131  94037462 -rw-r-----   1 bacula   tape     107374158501 Jul 19  2019 /z0/proj/bacula/vols/s1-e-shares/s1-e-shares-0310
      260  78641248 -rw-r-----   1 bacula   tape     107374158437 Jul 18  2019 /z0/proj/bacula/vols/s1-e-shares/s1-e-shares-0284
     1030  98620565 -rw-r-----   1 bacula   tape     107374157230 Jul 19  2019 /z0/proj/bacula/vols/s1-e-shares/s1-e-shares-0320
        4  52842267 -rw-r-----   1 bacula   tape     107374158349 Jul 18  2019 /z0/proj/bacula/vols/s1-e-shares/s1-e-shares-0268
      644  63430205 -rw-r-----   1 bacula   tape     107374159337 Jul 19  2019 /z0/proj/bacula/vols/s1-e-shares/s1-e-shares-0312
      770  52559295 -rw-r-----   1 bacula   tape     107374158471 Jul 18  2019 /z0/proj/bacula/vols/s1-e-shares/s1-e-shares-0286
      132 101629192 -rw-r-----   1 bacula   tape     107374157127 Jul 19  2019 /z0/proj/bacula/vols/s1-e-shares/s1-e-shares-0318
       12 100290981 -rw-r-----   1 bacula   tape     107374164178 Jul 18  2019 /z0/proj/bacula/vols/s1-e-shares/s1-e-shares-0709
     1033 102392239 -rw-r-----   1 bacula   tape     107374158269 Jul 19  2019 /z0/proj/bacula/vols/s1-e-shares/s1-e-shares-0339
     1032  57857724 -rw-r-----   1 bacula   tape     107374158932 Jul 19  2019 /z0/proj/bacula/vols/s1-e-shares/s1-e-shares-0333
      258  71119872 -rw-r-----   1 bacula   tape     107374158606 Jul 18  2019 /z0/proj/bacula/vols/s1-e-shares/s1-e-shares-0271
      515 100237441 -rw-r-----   1 bacula   tape     107374159871 Jul 18  2019 /z0/proj/bacula/vols/s1-e-shares/s1-e-shares-0301
     1026  76074700 -rw-r-----   1 bacula   tape     107374158653 Jul 18  2019 /z0/proj/bacula/vols/s1-e-shares/s1-e-shares-0295
      768  77770099 -rw-r-----   1 bacula   tape     107374158470 Jul 18  2019 /z0/proj/bacula/vols/s1-e-shares/s1-e-shares-0276
      773  62855982 -rw-r-----   1 bacula   tape     107374158530 Jul 18  2019 /z0/proj/bacula/vols/s1-e-shares/s1-e-shares-0298
      514  67627430 -rw-r-----   1 bacula   tape     107374158376 Jul 18  2019 /z0/proj/bacula/vols/s1-e-shares/s1-e-shares-0292
      388  67609871 -rw-r-----   1 bacula   tape     107374159536 Jul 18  2019 /z0/proj/bacula/vols/s1-e-shares/s1-e-shares-0306
     1157  64947649 -rw-r-----   1 bacula   tape     107374158699 Jul 19  2019 /z0/proj/bacula/vols/s1-e-shares/s1-e-shares-0334
      769  61300039 -rw-r-----   1 bacula   tape     107374158654 Jul 18  2019 /z0/proj/bacula/vols/s1-e-shares/s1-e-shares-0281
     1154  16448626 -rw-r-----   1 bacula   tape     107374159637 Jul 19  2019 /z0/proj/bacula/vols/s1-e-shares/s1-e-shares-0315
        3  58260762 -rw-r-----   1 bacula   tape     107374158299 Jul 18  2019 /z0/proj/bacula/vols/s1-e-shares/s1-e-shares-0265
     1031  49848129 -rw-r-----   1 bacula   tape     107374159292 Jul 19  2019 /z0/proj/bacula/vols/s1-e-shares/s1-e-shares-0327
      390  24363337 -rw-r-----   1 bacula   tape     107374159857 Jul 19  2019 /z0/proj/bacula/vols/s1-e-shares/s1-e-shares-0329
     1155  60874287 -rw-r-----   1 bacula   tape     107374158950 Jul 19  2019 /z0/proj/bacula/vols/s1-e-shares/s1-e-shares-0323
      516  64457632 -rw-r-----   1 bacula   tape     107374159382 Jul 19  2019 /z0/proj/bacula/vols/s1-e-shares/s1-e-shares-0311
     1024  71675529 -rw-r-----   1 bacula   tape     107374158499 Jul 18  2019 /z0/proj/bacula/vols/s1-e-shares/s1-e-shares-0285
        8  22980729 -rw-r-----   1 bacula   tape     107374159946 Jul 19  2019 /z0/proj/bacula/vols/s1-e-shares/s1-e-shares-0330
      261  99770154 -rw-r-----   1 bacula   tape     107374159435 Jul 18  2019 /z0/proj/bacula/vols/s1-e-shares/s1-e-shares-0302
      898  70414058 -rw-r-----   1 bacula   tape     107374158430 Jul 18  2019 /z0/proj/bacula/vols/s1-e-shares/s1-e-shares-0296
      385  52629091 -rw-r-----   1 bacula   tape     107374158601 Jul 18  2019 /z0/proj/bacula/vols/s1-e-shares/s1-e-shares-0278
      389  85816546 -rw-r-----   1 bacula   tape     107374159372 Jul 19  2019 /z0/proj/bacula/vols/s1-e-shares/s1-e-shares-0308
      259  68834722 -rw-r-----   1 bacula   tape     107374158670 Jul 18  2019 /z0/proj/bacula/vols/s1-e-shares/s1-e-shares-0272
      897  78395216 -rw-r-----   1 bacula   tape     107374158549 Jul 18  2019 /z0/proj/bacula/vols/s1-e-shares/s1-e-shares-0291
      899  97132716 -rw-r-----   1 bacula   tape     107374159607 Jul 18  2019 /z0/proj/bacula/vols/s1-e-shares/s1-e-shares-0305
      513  77668159 -rw-r-----   1 bacula   tape     107374158766 Jul 18  2019 /z0/proj/bacula/vols/s1-e-shares/s1-e-shares-0275
      263 103778667 -rw-r-----   1 bacula   tape     107374176672 Jul 27  2019 /z0/proj/bacula/vols/s1-e-shares/s1-e-shares-0340
       10  75949479 -rw-r-----   1 bacula   tape     107374158671 Jul 19  2019 /z0/proj/bacula/vols/s1-e-shares/s1-e-shares-0337
      130  78315174 -rw-r-----   1 bacula   tape     107374158689 Jul 18  2019 /z0/proj/bacula/vols/s1-e-shares/s1-e-shares-0288
      128  74297757 -rw-r-----   1 bacula   tape     107374158508 Jul 18  2019 /z0/proj/bacula/vols/s1-e-shares/s1-e-shares-0266
      896  73055380 -rw-r-----   1 bacula   tape     107374158487 Jul 18  2019 /z0/proj/bacula/vols/s1-e-shares/s1-e-shares-0282
     1029 104491794 -rw-r-----   1 bacula   tape     107374159562 Jul 19  2019 /z0/proj/bacula/vols/s1-e-shares/s1-e-shares-0316
      900  50686230 -rw-r-----   1 bacula   tape     107374159351 Jul 19  2019 /z0/proj/bacula/vols/s1-e-shares/s1-e-shares-0324
       34        17 drwxr-x---   2 bacula   tape              181 Sep 14 15:40 /z0/proj/bacula/vols/hydro-e-proj
     1033  60570808 -rw-r-----   1 bacula   tape     107374143833 Oct 28  2019 /z0/proj/bacula/vols/hydro-e-proj/hydro-e-proj-0874
      139  50312435 -rw-r-----   1 bacula   tape     107374160099 Oct 31  2019 /z0/proj/bacula/vols/hydro-e-proj/hydro-e-proj-0890
     1036  49607437 -rw-r-----   1 bacula   tape     107374160094 Nov  2  2019 /z0/proj/bacula/vols/hydro-e-proj/hydro-e-proj-0904
      773  49641068 -rw-r-----   1 bacula   tape     107374160099 Sep 14 11:26 /z0/proj/bacula/vols/hydro-e-proj/hydro-e-proj-0727
      384  77388608 -rw-r-----   1 bacula   tape     107374159870 Sep 12 02:43 /z0/proj/bacula/vols/hydro-e-proj/hydro-e-proj-0657
     1027  53569204 -rw-r-----   1 bacula   tape     107374164017 Aug 14  2019 /z0/proj/bacula/vols/hydro-e-proj/hydro-e-proj-0831
      518  95519085 -rw-r-----   1 bacula   tape     107374181086 Sep 27  2019 /z0/proj/bacula/vols/hydro-e-proj/hydro-e-proj-0846
      401  47385113 -rw-r-----   1 bacula   tape     107374160087 Dec 11  2019 /z0/proj/bacula/vols/hydro-e-proj/hydro-e-proj-0941
       24  47713472 -rw-r-----   1 bacula   tape     107374160062 Dec 10  2019 /z0/proj/bacula/vols/hydro-e-proj/hydro-e-proj-0936
        3  15192022 -rw-r-----   1 bacula   tape     107374159620 Sep 12 07:12 /z0/proj/bacula/vols/hydro-e-proj/hydro-e-proj-0681
      896  29757081 -rw-r-----   1 bacula   tape     107374159935 Sep 12 04:35 /z0/proj/bacula/vols/hydro-e-proj/hydro-e-proj-0665
      520  64007392 -rw-r-----   1 bacula   tape     107374179849 Oct 30  2019 /z0/proj/bacula/vols/hydro-e-proj/hydro-e-proj-0883
      521  52329991 -rw-r-----   1 bacula   tape     107374160099 Nov  5  2019 /z0/proj/bacula/vols/hydro-e-proj/hydro-e-proj-0917
      653  53503300 -rw-r-----   1 bacula   tape     107374160084 Oct 31  2019 /z0/proj/bacula/vols/hydro-e-proj/hydro-e-proj-0889
      137  48418247 -rw-r-----   1 bacula   tape     107374160086 Oct 24  2019 /z0/proj/bacula/vols/hydro-e-proj/hydro-e-proj-0867
      774  56500099 -rw-r-----   1 bacula   tape     107374171129 Aug  9  2019 /z0/proj/bacula/vols/hydro-e-proj/hydro-e-proj-0828
      903  79305494 -rw-r-----   1 bacula   tape     107374176857 Oct 17  2019 /z0/proj/bacula/vols/hydro-e-proj/hydro-e-proj-0855
      260  14443274 -rw-r-----   1 bacula   tape     107374159745 Sep 12 06:31 /z0/proj/bacula/vols/hydro-e-proj/hydro-e-proj-0676
      771  60987361 -rw-r-----   1 bacula   tape     107374159784 Sep 14 05:20 /z0/proj/bacula/vols/hydro-e-proj/hydro-e-proj-0698
     1408  65095497 -rw-r-----   1 bacula   tape     107374160057 Sep 14 01:55 /z0/proj/bacula/vols/hydro-e-proj/hydro-e-proj-0692
     1024  37515880 -rw-r-----   1 bacula   tape     107374160072 Sep 12 05:37 /z0/proj/bacula/vols/hydro-e-proj/hydro-e-proj-0671
      264  51043960 -rw-r-----   1 bacula   tape     107374159979 Sep 14 02:37 /z0/proj/bacula/vols/hydro-e-proj/hydro-e-proj-0695
       16  56108714 -rw-r-----   1 bacula   tape     107374154736 Oct 21  2019 /z0/proj/bacula/vols/hydro-e-proj/hydro-e-proj-0858
      134  78256536 -rw-r-----   1 bacula   tape     107374160851 Oct 15  2019 /z0/proj/bacula/vols/hydro-e-proj/hydro-e-proj-0852
       26  47819065 -rw-r-----   1 bacula   tape     107374160100 Sep 14 14:11 /z0/proj/bacula/vols/hydro-e-proj/hydro-e-proj-0967
     1290  52293787 -rw-r-----   1 bacula   tape     107374160099 Nov  4  2019 /z0/proj/bacula/vols/hydro-e-proj/hydro-e-proj-0910
      651  49200586 -rw-r-----   1 bacula   tape     107374160098 Oct 30  2019 /z0/proj/bacula/vols/hydro-e-proj/hydro-e-proj-0884
      132  64649549 -rw-r-----   1 bacula   tape     107374168321 Jul 22  2019 /z0/proj/bacula/vols/hydro-e-proj/hydro-e-proj-0817
      904  94023347 -rw-r-----   1 bacula   tape     107374150262 Oct 22  2019 /z0/proj/bacula/vols/hydro-e-proj/hydro-e-proj-0860
      258  18173044 -rw-r-----   1 bacula   tape     107374159727 Sep 12 05:04 /z0/proj/bacula/vols/hydro-e-proj/hydro-e-proj-0668
     1153  17522424 -rw-r-----   1 bacula   tape     107374160104 Sep 12 07:55 /z0/proj/bacula/vols/hydro-e-proj/hydro-e-proj-0686
      265  73836001 -rw-r-----   1 bacula   tape     107374159961 Sep 14 08:26 /z0/proj/bacula/vols/hydro-e-proj/hydro-e-proj-0718
       12  80676362 -rw-r-----   1 bacula   tape     107374179257 Sep 11  2019 /z0/proj/bacula/vols/hydro-e-proj/hydro-e-proj-0841
      777  44991940 -rw-r-----   1 bacula   tape     107374140265 Dec  7  2019 /z0/proj/bacula/vols/hydro-e-proj/hydro-e-proj-0931
      390  78524226 -rw-r-----   1 bacula   tape     107374159958 Sep 14 08:43 /z0/proj/bacula/vols/hydro-e-proj/hydro-e-proj-0720
      399  52288000 -rw-r-----   1 bacula   tape     107374160099 Nov  4  2019 /z0/proj/bacula/vols/hydro-e-proj/hydro-e-proj-0909
     1032  49374592 -rw-r-----   1 bacula   tape     107374160096 Oct 26  2019 /z0/proj/bacula/vols/hydro-e-proj/hydro-e-proj-0873
     1035  52370703 -rw-r-----   1 bacula   tape     107374160099 Nov  2  2019 /z0/proj/bacula/vols/hydro-e-proj/hydro-e-proj-0903
      276  52388758 -rw-r-----   1 bacula   tape     107374160099 Nov  1  2019 /z0/proj/bacula/vols/hydro-e-proj/hydro-e-proj-0897
       18  57042033 -rw-r-----   1 bacula   tape     107374167844 Oct 29  2019 /z0/proj/bacula/vols/hydro-e-proj/hydro-e-proj-0879
        2  51903312 -rw-r-----   1 bacula   tape     107374159841 Sep 12 01:51 /z0/proj/bacula/vols/hydro-e-proj/hydro-e-proj-0654
      643  51798023 -rw-r-----   1 bacula   tape     107374160104 Sep 14 10:03 /z0/proj/bacula/vols/hydro-e-proj/hydro-e-proj-0724
       27  72009722 -rw-r-----   1 bacula   tape      74094677218 Sep 14 15:55 /z0/proj/bacula/vols/hydro-e-proj/hydro-e-proj-0970
      274  50424014 -rw-r-----   1 bacula   tape     107374160098 Oct 31  2019 /z0/proj/bacula/vols/hydro-e-proj/hydro-e-proj-0893
     1037  47356189 -rw-r-----   1 bacula   tape     107374160090 Nov  4  2019 /z0/proj/bacula/vols/hydro-e-proj/hydro-e-proj-0907
      649  49547903 -rw-r-----   1 bacula   tape     107374160093 Oct 28  2019 /z0/proj/bacula/vols/hydro-e-proj/hydro-e-proj-0877
      278  49827621 -rw-r-----   1 bacula   tape     107374160089 Nov  1  2019 /z0/proj/bacula/vols/hydro-e-proj/hydro-e-proj-0899
     1284  21910007 -rw-r-----   1 bacula   tape     107374159801 Sep 12 08:18 /z0/proj/bacula/vols/hydro-e-proj/hydro-e-proj-0688
      257  11458424 -rw-r-----   1 bacula   tape     107374159941 Sep 12 04:44 /z0/proj/bacula/vols/hydro-e-proj/hydro-e-proj-0666
      898  22272285 -rw-r-----   1 bacula   tape     107374159588 Sep 12 07:23 /z0/proj/bacula/vols/hydro-e-proj/hydro-e-proj-0682
      393  63616542 -rw-r-----   1 bacula   tape     107374176711 Aug 29  2019 /z0/proj/bacula/vols/hydro-e-proj/hydro-e-proj-0838
      285  56807007 -rw-r-----   1 bacula   tape     107374161504 Dec 10  2019 /z0/proj/bacula/vols/hydro-e-proj/hydro-e-proj-0935
     1411  62099202 -rw-r-----   1 bacula   tape     107374160005 Dec 11  2019 /z0/proj/bacula/vols/hydro-e-proj/hydro-e-proj-0942
      395  96692906 -rw-r-----   1 bacula   tape     107374175454 Sep 24  2019 /z0/proj/bacula/vols/hydro-e-proj/hydro-e-proj-0845
      286  69375833 -rw-r-----   1 bacula   tape     107374160005 Sep 14 15:40 /z0/proj/bacula/vols/hydro-e-proj/hydro-e-proj-0969
      136  46646579 -rw-r-----   1 bacula   tape     107374160077 Oct 23  2019 /z0/proj/bacula/vols/hydro-e-proj/hydro-e-proj-0864
      905  49804660 -rw-r-----   1 bacula   tape     107374160099 Oct 29  2019 /z0/proj/bacula/vols/hydro-e-proj/hydro-e-proj-0880
      281  51303978 -rw-r-----   1 bacula   tape     107374160092 Nov  5  2019 /z0/proj/bacula/vols/hydro-e-proj/hydro-e-proj-0914
     1281  49614694 -rw-r-----   1 bacula   tape     107374159451 Sep 12 06:21 /z0/proj/bacula/vols/hydro-e-proj/hydro-e-proj-0675
     1028  54785263 -rw-r-----   1 bacula   tape     107374125250 Oct 18  2019 /z0/proj/bacula/vols/hydro-e-proj/hydro-e-proj-0856
      268  73937262 -rw-r-----   1 bacula   tape     107374137312 Jul 30  2019 /z0/proj/bacula/vols/hydro-e-proj/hydro-e-proj-0821
        9  50506342 -rw-r-----   1 bacula   tape     107374151521 Aug  5  2019 /z0/proj/bacula/vols/hydro-e-proj/hydro-e-proj-0826
      647  56557827 -rw-r-----   1 bacula   tape     107374160010 Oct 14  2019 /z0/proj/bacula/vols/hydro-e-proj/hydro-e-proj-0851
      388  62441459 -rw-r-----   1 bacula   tape     107374159584 Sep 14 03:50 /z0/proj/bacula/vols/hydro-e-proj/hydro-e-proj-0696
     1282  20545102 -rw-r-----   1 bacula   tape     107374159514 Sep 12 06:41 /z0/proj/bacula/vols/hydro-e-proj/hydro-e-proj-0678
        4  65159682 -rw-r-----   1 bacula   tape     107374160061 Sep 14 07:24 /z0/proj/bacula/vols/hydro-e-proj/hydro-e-proj-0708
     1152  17331707 -rw-r-----   1 bacula   tape     107374160104 Sep 12 05:46 /z0/proj/bacula/vols/hydro-e-proj/hydro-e-proj-0672
      648  47322222 -rw-r-----   1 bacula   tape     107374160095 Oct 23  2019 /z0/proj/bacula/vols/hydro-e-proj/hydro-e-proj-0863
     1156  50254428 -rw-r-----   1 bacula   tape     107374160091 Nov  5  2019 /z0/proj/bacula/vols/hydro-e-proj/hydro-e-proj-0919
     1029  50258216 -rw-r-----   1 bacula   tape     107374160099 Oct 25  2019 /z0/proj/bacula/vols/hydro-e-proj/hydro-e-proj-0869
     1040  70189118 -rw-r-----   1 bacula   tape     107374163606 Nov  5  2019 /z0/proj/bacula/vols/hydro-e-proj/hydro-e-proj-0913
      138  47596155 -rw-r-----   1 bacula   tape     107374160092 Oct 30  2019 /z0/proj/bacula/vols/hydro-e-proj/hydro-e-proj-0887
       25  69696767 -rw-r-----   1 bacula   tape     107374160015 Sep 14 13:59 /z0/proj/bacula/vols/hydro-e-proj/hydro-e-proj-0964
     1025  77711604 -rw-r-----   1 bacula   tape     107374160094 Sep 14 12:52 /z0/proj/bacula/vols/hydro-e-proj/hydro-e-proj-0730
       22  47459504 -rw-r-----   1 bacula   tape     107374159912 Dec  7  2019 /z0/proj/bacula/vols/hydro-e-proj/hydro-e-proj-0932
      519  89673495 -rw-r-----   1 bacula   tape     107374182347 Oct 12  2019 /z0/proj/bacula/vols/hydro-e-proj/hydro-e-proj-0848
      778  53402239 -rw-r-----   1 bacula   tape     107374159985 Dec 10  2019 /z0/proj/bacula/vols/hydro-e-proj/hydro-e-proj-0938
       11  70316401 -rw-r-----   1 bacula   tape     107374174772 Aug 26  2019 /z0/proj/bacula/vols/hydro-e-proj/hydro-e-proj-0835
      133  64736759 -rw-r-----   1 bacula   tape     107374169649 Sep 13  2019 /z0/proj/bacula/vols/hydro-e-proj/hydro-e-proj-0842
      386  72333294 -rw-r-----   1 bacula   tape     107374159789 Sep 12 03:47 /z0/proj/bacula/vols/hydro-e-proj/hydro-e-proj-0661
      769  37073641 -rw-r-----   1 bacula   tape     107374160026 Sep 12 07:46 /z0/proj/bacula/vols/hydro-e-proj/hydro-e-proj-0685
      279  67991578 -rw-r-----   1 bacula   tape     107374177054 Nov  2  2019 /z0/proj/bacula/vols/hydro-e-proj/hydro-e-proj-0900
       21  67150024 -rw-r-----   1 bacula   tape     107374160042 Nov  1  2019 /z0/proj/bacula/vols/hydro-e-proj/hydro-e-proj-0894
     1030  47380525 -rw-r-----   1 bacula   tape     107374160096 Oct 25  2019 /z0/proj/bacula/vols/hydro-e-proj/hydro-e-proj-0870
      901  50433525 -rw-r-----   1 bacula   tape     107374160099 Sep 14 12:12 /z0/proj/bacula/vols/hydro-e-proj/hydro-e-proj-0729
      385  85254983 -rw-r-----   1 bacula   tape     107374159549 Sep 12 03:17 /z0/proj/bacula/vols/hydro-e-proj/hydro-e-proj-0659
      515  45602919 -rw-r-----   1 bacula   tape     107374160104 Sep 14 09:46 /z0/proj/bacula/vols/hydro-e-proj/hydro-e-proj-0723
      513  98729547 -rw-r-----   1 bacula   tape     107374159448 Sep 12 04:08 /z0/proj/bacula/vols/hydro-e-proj/hydro-e-proj-0663
      259  27889163 -rw-r-----   1 bacula   tape     107374159805 Sep 12 05:15 /z0/proj/bacula/vols/hydro-e-proj/hydro-e-proj-0669
      262  42753704 -rw-r-----   1 bacula   tape     107374159963 Sep 12 08:08 /z0/proj/bacula/vols/hydro-e-proj/hydro-e-proj-0687
        5  80516487 -rw-r-----   1 bacula   tape     107374160051 Sep 14 07:44 /z0/proj/bacula/vols/hydro-e-proj/hydro-e-proj-0713
     1157  34606852 -rw-r-----   1 bacula   tape     107374118547 Dec  6  2019 /z0/proj/bacula/vols/hydro-e-proj/hydro-e-proj-0930
      392  86753646 -rw-r-----   1 bacula   tape     107374150756 Aug 28  2019 /z0/proj/bacula/vols/hydro-e-proj/hydro-e-proj-0837
      130  52794098 -rw-r-----   1 bacula   tape     107374159841 Sep 14 08:59 /z0/proj/bacula/vols/hydro-e-proj/hydro-e-proj-0721
     1288  52072227 -rw-r-----   1 bacula   tape     107374160099 Nov  2  2019 /z0/proj/bacula/vols/hydro-e-proj/hydro-e-proj-0902
      908  52070829 -rw-r-----   1 bacula   tape     107374160099 Nov  1  2019 /z0/proj/bacula/vols/hydro-e-proj/hydro-e-proj-0896
      650  53865538 -rw-r-----   1 bacula   tape     107374160070 Oct 28  2019 /z0/proj/bacula/vols/hydro-e-proj/hydro-e-proj-0878
     1289  51203197 -rw-r-----   1 bacula   tape     107374160099 Nov  4  2019 /z0/proj/bacula/vols/hydro-e-proj/hydro-e-proj-0908
     1031  49709217 -rw-r-----   1 bacula   tape     107374160099 Oct 26  2019 /z0/proj/bacula/vols/hydro-e-proj/hydro-e-proj-0872
      900  65421122 -rw-r-----   1 bacula   tape     107374160104 Sep 14 02:22 /z0/proj/bacula/vols/hydro-e-proj/hydro-e-proj-0694
     1285  65041933 -rw-r-----   1 bacula   tape     107374160028 Sep 14 06:51 /z0/proj/bacula/vols/hydro-e-proj/hydro-e-proj-0700
      387  20010592 -rw-r-----   1 bacula   tape     107374159903 Sep 12 05:25 /z0/proj/bacula/vols/hydro-e-proj/hydro-e-proj-0670
      516  64284106 -rw-r-----   1 bacula   tape     107374132349 Aug  2  2019 /z0/proj/bacula/vols/hydro-e-proj/hydro-e-proj-0824
      135  47137739 -rw-r-----   1 bacula   tape     107374160096 Oct 15  2019 /z0/proj/bacula/vols/hydro-e-proj/hydro-e-proj-0853
     1154  55369021 -rw-r-----   1 bacula   tape     107374160065 Oct 21  2019 /z0/proj/bacula/vols/hydro-e-proj/hydro-e-proj-0859
      271  46317125 -rw-r-----   1 bacula   tape     107374160093 Oct 22  2019 /z0/proj/bacula/vols/hydro-e-proj/hydro-e-proj-0861
     1038  49632228 -rw-r-----   1 bacula   tape     107374160094 Nov  4  2019 /z0/proj/bacula/vols/hydro-e-proj/hydro-e-proj-0911
      652  50921592 -rw-r-----   1 bacula   tape     107374160099 Oct 30  2019 /z0/proj/bacula/vols/hydro-e-proj/hydro-e-proj-0885
       19  61784262 -rw-r-----   1 bacula   tape     107374172272 Oct 31  2019 /z0/proj/bacula/vols/hydro-e-proj/hydro-e-proj-0888
     1286  49701505 -rw-r-----   1 bacula   tape     107374160099 Oct 24  2019 /z0/proj/bacula/vols/hydro-e-proj/hydro-e-proj-0866
      273  47577821 -rw-r-----   1 bacula   tape     107374160096 Oct 29  2019 /z0/proj/bacula/vols/hydro-e-proj/hydro-e-proj-0882
      282  52180394 -rw-r-----   1 bacula   tape     107374160099 Nov  5  2019 /z0/proj/bacula/vols/hydro-e-proj/hydro-e-proj-0916
      131  74170498 -rw-r-----   1 bacula   tape     107374134505 Jul 17  2019 /z0/proj/bacula/vols/hydro-e-proj/hydro-e-proj-0742
       14  72074195 -rw-r-----   1 bacula   tape     107374157008 Oct 16  2019 /z0/proj/bacula/vols/hydro-e-proj/hydro-e-proj-0854
      391  75639989 -rw-r-----   1 bacula   tape     107374134871 Aug  1  2019 /z0/proj/bacula/vols/hydro-e-proj/hydro-e-proj-0823
      269  52854199 -rw-r-----   1 bacula   tape     107374120334 Aug 10  2019 /z0/proj/bacula/vols/hydro-e-proj/hydro-e-proj-0829
      263  62060416 -rw-r-----   1 bacula   tape     107374160104 Sep 14 02:08 /z0/proj/bacula/vols/hydro-e-proj/hydro-e-proj-0693
      642  54208259 -rw-r-----   1 bacula   tape     107374159998 Sep 14 06:04 /z0/proj/bacula/vols/hydro-e-proj/hydro-e-proj-0699
       20  52154339 -rw-r-----   1 bacula   tape     107374160099 Oct 31  2019 /z0/proj/bacula/vols/hydro-e-proj/hydro-e-proj-0891
      909  50420130 -rw-r-----   1 bacula   tape     107374160097 Nov  2  2019 /z0/proj/bacula/vols/hydro-e-proj/hydro-e-proj-0905
      776  46577439 -rw-r-----   1 bacula   tape     107374160089 Oct 28  2019 /z0/proj/bacula/vols/hydro-e-proj/hydro-e-proj-0875
      256  87192217 -rw-r-----   1 bacula   tape     107374159772 Sep 12 02:27 /z0/proj/bacula/vols/hydro-e-proj/hydro-e-proj-0656
      644  52288927 -rw-r-----   1 bacula   tape     107374160104 Sep 14 10:39 /z0/proj/bacula/vols/hydro-e-proj/hydro-e-proj-0726
      400  48044061 -rw-r-----   1 bacula   tape     107374160099 Dec 10  2019 /z0/proj/bacula/vols/hydro-e-proj/hydro-e-proj-0937
     1410  49675706 -rw-r-----   1 bacula   tape     107374160099 Dec 11  2019 /z0/proj/bacula/vols/hydro-e-proj/hydro-e-proj-0940
      646  87438448 -rw-r-----   1 bacula   tape     107374170709 Oct 10  2019 /z0/proj/bacula/vols/hydro-e-proj/hydro-e-proj-0847
      902  53413085 -rw-r-----   1 bacula   tape     107374155402 Aug 13  2019 /z0/proj/bacula/vols/hydro-e-proj/hydro-e-proj-0830
      768  64944980 -rw-r-----   1 bacula   tape     107374159677 Sep 12 04:24 /z0/proj/bacula/vols/hydro-e-proj/hydro-e-proj-0664
     1283  19299072 -rw-r-----   1 bacula   tape     107374159685 Sep 12 07:02 /z0/proj/bacula/vols/hydro-e-proj/hydro-e-proj-0680
      522  51939725 -rw-r-----   1 bacula   tape     107374170327 Dec 11  2019 /z0/proj/bacula/vols/hydro-e-proj/hydro-e-proj-0939
       13  66552089 -rw-r-----   1 bacula   tape     107374162902 Sep 14  2019 /z0/proj/bacula/vols/hydro-e-proj/hydro-e-proj-0843
      517  48598183 -rw-r-----   1 bacula   tape     107374136727 Aug 17  2019 /z0/proj/bacula/vols/hydro-e-proj/hydro-e-proj-0834
       23  48839723 -rw-r-----   1 bacula   tape     107374151908 Dec  9  2019 /z0/proj/bacula/vols/hydro-e-proj/hydro-e-proj-0933
      911  70534300 -rw-r-----   1 bacula   tape     107374171388 Sep 12 01:38 /z0/proj/bacula/vols/hydro-e-proj/hydro-e-proj-0944
      396  62599209 -rw-r-----   1 bacula   tape     107374160032 Oct 12  2019 /z0/proj/bacula/vols/hydro-e-proj/hydro-e-proj-0849
      261  19669813 -rw-r-----   1 bacula   tape     107374159747 Sep 12 07:34 /z0/proj/bacula/vols/hydro-e-proj/hydro-e-proj-0684
      640  76091620 -rw-r-----   1 bacula   tape     107374159474 Sep 12 03:32 /z0/proj/bacula/vols/hydro-e-proj/hydro-e-proj-0660
     1287  56648394 -rw-r-----   1 bacula   tape     107374138084 Oct 26  2019 /z0/proj/bacula/vols/hydro-e-proj/hydro-e-proj-0871
     1034  48601772 -rw-r-----   1 bacula   tape     107374160099 Nov  2  2019 /z0/proj/bacula/vols/hydro-e-proj/hydro-e-proj-0901
      275  47578660 -rw-r-----   1 bacula   tape     107374160099 Nov  1  2019 /z0/proj/bacula/vols/hydro-e-proj/hydro-e-proj-0895
      512  77333878 -rw-r-----   1 bacula   tape     107374159634 Sep 12 02:59 /z0/proj/bacula/vols/hydro-e-proj/hydro-e-proj-0658
        6  62340278 -rw-r-----   1 bacula   tape     107374160009 Sep 14 09:28 /z0/proj/bacula/vols/hydro-e-proj/hydro-e-proj-0722
      283  61205204 -rw-r-----   1 bacula   tape     107374142466 Nov 26  2019 /z0/proj/bacula/vols/hydro-e-proj/hydro-e-proj-0920
      775  61890246 -rw-r-----   1 bacula   tape     107374120626 Oct 14  2019 /z0/proj/bacula/vols/hydro-e-proj/hydro-e-proj-0850
      645  63552909 -rw-r-----   1 bacula   tape     107374160378 Aug  7  2019 /z0/proj/bacula/vols/hydro-e-proj/hydro-e-proj-0827
     1280  23334263 -rw-r-----   1 bacula   tape     107374159539 Sep 12 06:07 /z0/proj/bacula/vols/hydro-e-proj/hydro-e-proj-0673
        7  73933434 -rw-r-----   1 bacula   tape     107374174367 Jul 18  2019 /z0/proj/bacula/vols/hydro-e-proj/hydro-e-proj-0790
      514  65012042 -rw-r-----   1 bacula   tape     107374159222 Sep 14 04:52 /z0/proj/bacula/vols/hydro-e-proj/hydro-e-proj-0697
      897  18355993 -rw-r-----   1 bacula   tape     107374159824 Sep 12 06:52 /z0/proj/bacula/vols/hydro-e-proj/hydro-e-proj-0679
      398  53686353 -rw-r-----   1 bacula   tape     107374152959 Oct 25  2019 /z0/proj/bacula/vols/hydro-e-proj/hydro-e-proj-0868
     1039  50428874 -rw-r-----   1 bacula   tape     107374160089 Nov  4  2019 /z0/proj/bacula/vols/hydro-e-proj/hydro-e-proj-0912
      906  52229577 -rw-r-----   1 bacula   tape     107374160099 Oct 30  2019 /z0/proj/bacula/vols/hydro-e-proj/hydro-e-proj-0886
        8  70311918 -rw-r-----   1 bacula   tape     107374119372 Jul 20  2019 /z0/proj/bacula/vols/hydro-e-proj/hydro-e-proj-0815
      397  50183210 -rw-r-----   1 bacula   tape     107374169778 Oct 23  2019 /z0/proj/bacula/vols/hydro-e-proj/hydro-e-proj-0862
      910  49583076 -rw-r-----   1 bacula   tape     107374160091 Nov  5  2019 /z0/proj/bacula/vols/hydro-e-proj/hydro-e-proj-0918
     1026 104828513 -rw-r-----   1 bacula   tape     107374160098 Sep 14 13:13 /z0/proj/bacula/vols/hydro-e-proj/hydro-e-proj-0731
      272  52135861 -rw-r-----   1 bacula   tape     107374160099 Oct 29  2019 /z0/proj/bacula/vols/hydro-e-proj/hydro-e-proj-0881
     1155  50605989 -rw-r-----   1 bacula   tape     107374160099 Nov  5  2019 /z0/proj/bacula/vols/hydro-e-proj/hydro-e-proj-0915
      266  75304270 -rw-r-----   1 bacula   tape     107374162556 Jul 23  2019 /z0/proj/bacula/vols/hydro-e-proj/hydro-e-proj-0818
      140  47570476 -rw-r-----   1 bacula   tape     107374160082 Sep 14 14:46 /z0/proj/bacula/vols/hydro-e-proj/hydro-e-proj-0968
       17  53740724 -rw-r-----   1 bacula   tape     107374147213 Oct 24  2019 /z0/proj/bacula/vols/hydro-e-proj/hydro-e-proj-0865
      389  66743110 -rw-r-----   1 bacula   tape     107374160052 Sep 14 07:10 /z0/proj/bacula/vols/hydro-e-proj/hydro-e-proj-0704
      899  84018951 -rw-r-----   1 bacula   tape     107374159344 Sep 14 01:27 /z0/proj/bacula/vols/hydro-e-proj/hydro-e-proj-0690
      267  54737030 -rw-r-----   1 bacula   tape     107374144638 Jul 24  2019 /z0/proj/bacula/vols/hydro-e-proj/hydro-e-proj-0820
       15  47404902 -rw-r-----   1 bacula   tape     107374129739 Oct 19  2019 /z0/proj/bacula/vols/hydro-e-proj/hydro-e-proj-0857
      772  52398724 -rw-r-----   1 bacula   tape     107374160104 Sep 14 10:21 /z0/proj/bacula/vols/hydro-e-proj/hydro-e-proj-0725
      128  77813009 -rw-r-----   1 bacula   tape     107374159888 Sep 12 02:08 /z0/proj/bacula/vols/hydro-e-proj/hydro-e-proj-0655
     1409  51325062 -rw-r-----   1 bacula   tape     107374160099 Oct 28  2019 /z0/proj/bacula/vols/hydro-e-proj/hydro-e-proj-0876
      277  49608292 -rw-r-----   1 bacula   tape     107374160096 Nov  1  2019 /z0/proj/bacula/vols/hydro-e-proj/hydro-e-proj-0898
      907  49613519 -rw-r-----   1 bacula   tape     107374160093 Oct 31  2019 /z0/proj/bacula/vols/hydro-e-proj/hydro-e-proj-0892
      280  71895985 -rw-r-----   1 bacula   tape     107374176563 Nov  4  2019 /z0/proj/bacula/vols/hydro-e-proj/hydro-e-proj-0906
      129  95715701 -rw-r-----   1 bacula   tape     107374159750 Sep 14 08:06 /z0/proj/bacula/vols/hydro-e-proj/hydro-e-proj-0717
      770  38818935 -rw-r-----   1 bacula   tape     107374159540 Sep 12 08:30 /z0/proj/bacula/vols/hydro-e-proj/hydro-e-proj-0689
      641  18839872 -rw-r-----   1 bacula   tape     107374159718 Sep 12 04:54 /z0/proj/bacula/vols/hydro-e-proj/hydro-e-proj-0667
       10  49710064 -rw-r-----   1 bacula   tape     107374179780 Aug 16  2019 /z0/proj/bacula/vols/hydro-e-proj/hydro-e-proj-0833
      270  53555353 -rw-r-----   1 bacula   tape     107374169042 Sep 17  2019 /z0/proj/bacula/vols/hydro-e-proj/hydro-e-proj-0844
      394  84432363 -rw-r-----   1 bacula   tape     107374129346 Sep  9  2019 /z0/proj/bacula/vols/hydro-e-proj/hydro-e-proj-0839
      523  82386954 -rw-r-----   1 bacula   tape     107374173155 Jan  3  2020 /z0/proj/bacula/vols/hydro-e-proj/hydro-e-proj-0943
      284  47097131 -rw-r-----   1 bacula   tape     107374160093 Dec  9  2019 /z0/proj/bacula/vols/hydro-e-proj/hydro-e-proj-0934
       34        17 drwxr-x---   2 bacula   tape               36 May  4 03:03 /z0/proj/bacula/vols/s1-f-home
      265  51412584 -rw-r-----   1 bacula   tape     107374158981 May  1 12:24 /z0/proj/bacula/vols/s1-f-home/s1-f-home-0625
      641  86850271 -rw-r-----   1 bacula   tape     107374158938 May  1 08:57 /z0/proj/bacula/vols/s1-f-home/s1-f-home-0617
      128  40425484 -rw-r-----   1 bacula   tape     107374159125 May  1 03:42 /z0/proj/bacula/vols/s1-f-home/s1-f-home-0604
      267  69997041 -rw-r-----   1 bacula   tape     107374163481 May  2 03:16 /z0/proj/bacula/vols/s1-f-home/s1-f-home-0950
      258  76668840 -rw-r-----   1 bacula   tape     107374159466 May  1 05:40 /z0/proj/bacula/vols/s1-f-home/s1-f-home-0609
        2  66339193 -rw-r-----   1 bacula   tape     107374122668 May  1 03:16 /z0/proj/bacula/vols/s1-f-home/s1-f-home-0603
      131  58511301 -rw-r-----   1 bacula   tape     107374158548 May  1 14:24 /z0/proj/bacula/vols/s1-f-home/s1-f-home-0949
      512  60739523 -rw-r-----   1 bacula   tape     107374158760 May  1 06:24 /z0/proj/bacula/vols/s1-f-home/s1-f-home-0610
      896  84380925 -rw-r-----   1 bacula   tape     107374159983 May  1 11:26 /z0/proj/bacula/vols/s1-f-home/s1-f-home-0622
     1024  11880316 -rw-r-----   1 bacula   tape     107374158038 May  1 12:45 /z0/proj/bacula/vols/s1-f-home/s1-f-home-0626
      130  65001804 -rw-r-----   1 bacula   tape      97224038326 May 11  2019 /z0/proj/bacula/vols/s1-f-home/s1-f-home-0651
      768  38490639 -rw-r-----   1 bacula   tape     107374158781 May  1 07:56 /z0/proj/bacula/vols/s1-f-home/s1-f-home-0614
      257  61732992 -rw-r-----   1 bacula   tape     107374158613 May  1 04:52 /z0/proj/bacula/vols/s1-f-home/s1-f-home-0607
        5   7732666 -rw-r-----   1 bacula   tape     107374158317 May  1 13:16 /z0/proj/bacula/vols/s1-f-home/s1-f-home-0638
      263  67485880 -rw-r-----   1 bacula   tape     107374159111 May  1 10:09 /z0/proj/bacula/vols/s1-f-home/s1-f-home-0619
      260  97265035 -rw-r-----   1 bacula   tape     107374158363 May  1 07:34 /z0/proj/bacula/vols/s1-f-home/s1-f-home-0613
      770  80856035 -rw-r-----   1 bacula   tape     107374158990 May  1 11:10 /z0/proj/bacula/vols/s1-f-home/s1-f-home-0621
        7  41779561 -rw-r-----   1 bacula   tape     107374158599 May  1 13:54 /z0/proj/bacula/vols/s1-f-home/s1-f-home-0948
      259  87151712 -rw-r-----   1 bacula   tape     107374158851 May  1 06:54 /z0/proj/bacula/vols/s1-f-home/s1-f-home-0611
      385 103789441 -rw-r-----   1 bacula   tape     107374159929 May  1 11:42 /z0/proj/bacula/vols/s1-f-home/s1-f-home-0623
      132  69790092 -rw-r-----   1 bacula   tape     107374155282 May  4 03:03 /z0/proj/bacula/vols/s1-f-home/s1-f-home-0951
      384  83759133 -rw-r-----   1 bacula   tape     107374158611 May  1 05:18 /z0/proj/bacula/vols/s1-f-home/s1-f-home-0608
      256  87192832 -rw-r-----   1 bacula   tape     107374158400 May  1 04:08 /z0/proj/bacula/vols/s1-f-home/s1-f-home-0605
        4 104040116 -rw-r-----   1 bacula   tape     107374159913 May  1 11:58 /z0/proj/bacula/vols/s1-f-home/s1-f-home-0624
      261  69398299 -rw-r-----   1 bacula   tape     107374159147 May  1 08:31 /z0/proj/bacula/vols/s1-f-home/s1-f-home-0616
      640  53386439 -rw-r-----   1 bacula   tape     107374158751 May  1 07:15 /z0/proj/bacula/vols/s1-f-home/s1-f-home-0612
      262  88682520 -rw-r-----   1 bacula   tape     107374158629 May  1 09:40 /z0/proj/bacula/vols/s1-f-home/s1-f-home-0618
        6  51280449 -rw-r-----   1 bacula   tape     107383355310 Apr 30 03:03 /z0/proj/bacula/vols/s1-f-home/s1-f-home-0715
      264  54766018 -rw-r-----   1 bacula   tape     107374159613 May  1 10:41 /z0/proj/bacula/vols/s1-f-home/s1-f-home-0620
      386   5201220 -rw-r-----   1 bacula   tape       6829138368 Sep 14 03:13 /z0/proj/bacula/vols/s1-f-home/s1-f-home-0952
      129   8675400 -rw-r-----   1 bacula   tape     107374158550 May  1 13:32 /z0/proj/bacula/vols/s1-f-home/s1-f-home-0639
        3  88256552 -rw-r-----   1 bacula   tape     107374159492 May  1 04:25 /z0/proj/bacula/vols/s1-f-home/s1-f-home-0606
      266   9446551 -rw-r-----   1 bacula   tape     107374158563 May  1 13:01 /z0/proj/bacula/vols/s1-f-home/s1-f-home-0627
      769  28307546 -rw-r-----   1 bacula   tape     107374158966 May  1 08:13 /z0/proj/bacula/vols/s1-f-home/s1-f-home-0615
